#
# A fatal error has been detected by the Java Runtime Environment:
#
#  EXCEPTION_ACCESS_VIOLATION (0xc0000005) at pc=0x00007ff9e8bc3004, pid=972, tid=9404
#
# JRE version: OpenJDK Runtime Environment (24.0+36) (build 24+36-3646)
# Java VM: OpenJDK 64-Bit Server VM (24+36-3646, mixed mode, emulated-client, sharing, tiered, compressed oops, compressed class ptrs, g1 gc, windows-amd64)
# Problematic frame:
# C  [libasyncProfiler.dll+0x93004]
#
# No core dump will be written. Minidumps are not enabled by default on client versions of Windows
#
# JFR recording file will be written. Location: C:\Education\Stopa. Політехніка\Бакалаврська робота\lawTest\hs_err_pid972.jfr
#
# If you would like to submit a bug report, please visit:
#   https://bugreport.java.com/bugreport/crash.jsp
# The crash happened outside the Java Virtual Machine in native code.
# See problematic frame for where to report the bug.
#

---------------  S U M M A R Y ------------

Command Line: -XX:TieredStopAtLevel=1 -Dspring.output.ansi.enabled=always -Dcom.sun.management.jmxremote -Dspring.jmx.enabled=true -Dspring.liveBeansView.mbeanDomain -Dspring.application.admin.enabled=true -Dmanagement.endpoints.jmx.exposure.include=* -javaagent:C:\Program Files\JetBrains\IntelliJ IDEA 2024.3.5\lib\idea_rt.jar=53539 -Dfile.encoding=UTF-8 -Dsun.stdout.encoding=UTF-8 -Dsun.stderr.encoding=UTF-8 com.example.lawtest.LawTestApplication

Host: Intel(R) Core(TM) i5-6200U CPU @ 2.30GHz, 4 cores, 7G,  Windows 10 , 64 bit Build 19041 (10.0.19041.5794)
Time: Thu May 22 13:31:27 2025  Windows 10 , 64 bit Build 19041 (10.0.19041.5794) elapsed time: 60.936610 seconds (0d 0h 1m 0s)

---------------  T H R E A D  ---------------

Current thread (0x00000170fe6b3ba0):  JavaThread "Attach Listener" daemon [_thread_in_native, id=9404, stack(0x0000000360d00000,0x0000000360e00000) (1024K)]

Stack: [0x0000000360d00000,0x0000000360e00000],  sp=0x0000000360dfedd0,  free space=1019k
Native frames: (J=compiled Java code, j=interpreted, Vv=VM code, C=native code)
C  [libasyncProfiler.dll+0x93004]  (no source info available)
C  [libasyncProfiler.dll+0x934db]  (no source info available)
C  [libasyncProfiler.dll+0x92134]  (no source info available)
C  [libasyncProfiler.dll+0x929aa]  (no source info available)
C  [libasyncProfiler.dll+0x8d561]  (no source info available)
C  [libasyncProfiler.dll+0x7ef21]  (no source info available)
C  [libasyncProfiler.dll+0x7dc38]  (no source info available)
C  [libasyncProfiler.dll+0x7db20]  (no source info available)
C  [libasyncProfiler.dll+0x84af9]  (no source info available)
V  [jvm.dll+0x57f1b7]  (no source info available)
V  [jvm.dll+0x57ff2c]  (no source info available)
V  [jvm.dll+0x14c9b7]  (no source info available)
V  [jvm.dll+0x14df81]  (no source info available)
V  [jvm.dll+0x42f566]  (no source info available)
V  [jvm.dll+0x87d8fb]  (no source info available)
V  [jvm.dll+0x72efe5]  (no source info available)
C  [ucrtbase.dll+0x21bb2]  (no source info available)
C  [KERNEL32.DLL+0x17374]  (no source info available)
C  [ntdll.dll+0x4cc91]  (no source info available)


siginfo: EXCEPTION_ACCESS_VIOLATION (0xc0000005), reading address 0xffffffffffffffff


Registers:
RAX=0x0000000000000010, RBX=0x0000000000000000, RCX=0xffffffffffffffff, RDX=0x007ff9e9ed2ff010
RSP=0x0000000360dfedd0, RBP=0x00000170d2b24d60, RSI=0x0000000360dfef40, RDI=0x00000170d2b24d60
R8 =0x0000000000000042, R9 =0x00000000823d4d30, R10=0x00007ff9ea149fc0, R11=0x000000000000002e
R12=0x0000000360dfef40, R13=0x00000170d28bf740, R14=0x00000170fe6b3f68, R15=0x00000170fe6b3f68
RIP=0x00007ff9e8bc3004, EFLAGS=0x0000000000010202

XMM[0]=0x0000000000000000 0x0000000000000000
XMM[1]=0x0000000000000000 0x0000000000000000
XMM[2]=0x0000000000000000 0x0000000000000000
XMM[3]=0x0000000000000000 0x0000000000000000
XMM[4]=0x0000000000000000 0x0000000000000000
XMM[5]=0x0000000000000000 0x0000000000000000
XMM[6]=0x0000000000000000 0x0000000000000000
XMM[7]=0x0000000000000000 0x0000000000000000
XMM[8]=0x0000000000000000 0x0000000000000000
XMM[9]=0x0000000000000000 0x0000000000000000
XMM[10]=0x0000000000000000 0x0000000000000000
XMM[11]=0x0000000000000000 0x0000000000000000
XMM[12]=0x0000000000000000 0x0000000000000000
XMM[13]=0x0000000000000000 0x0000000000000000
XMM[14]=0x0000000000000000 0x0000000000000000
XMM[15]=0x0000000000000000 0x0000000000000000
  MXCSR=0x00001fa0


Register to memory mapping:

RAX=0x0000000000000010 is an unknown value
RBX=0x0 is null
RCX=0xffffffffffffffff is an unknown value
RDX=0x007ff9e9ed2ff010 is an unknown value
RSP=0x0000000360dfedd0 is pointing into the stack for thread: 0x00000170fe6b3ba0
RBP=0x00000170d2b24d60 points into unknown readable memory: 0x00000000823d4d30 | 30 4d 3d 82 00 00 00 00
RSI=0x0000000360dfef40 is pointing into the stack for thread: 0x00000170fe6b3ba0
RDI=0x00000170d2b24d60 points into unknown readable memory: 0x00000000823d4d30 | 30 4d 3d 82 00 00 00 00
R8 =0x0000000000000042 is an unknown value
R9 =0x00000000823d4d30 is an oop: java.lang.ref.Reference$ReferenceHandler 
{0x00000000823d4d30} - klass: 'java/lang/ref/Reference$ReferenceHandler' - flags: 

 - ---- fields (total size 14 words):
 - 'threadLocalRandomProbe' 'I' @12  0 (0x00000000)
 - private volatile 'eetop' 'J' @16  1584816385904 (0x00000170fe6aef70)
 - private final 'tid' 'J' @24  13 (0x000000000000000d)
 - 'threadLocalRandomSeed' 'J' @32  0 (0x0000000000000000)
 - injected 'jvmti_thread_state' 'J' @40  1584075846880 (0x00000170d24734e0)
 - 'threadLocalRandomSecondarySeed' 'I' @48  0 (0x00000000)
 - injected 'jvmti_VTMS_transition_disable_count' 'I' @52  0 (0x00000000)
 - injected 'jfr_epoch' 'S' @56  0 (0x0000)
 - volatile 'interrupted' 'Z' @58  false (0x00)
 - injected 'jvmti_is_in_VTMS_transition' 'Z' @59  false (0x00)
 - private volatile 'name' 'Ljava/lang/String;' @60  "Reference Handler"{0x00000000ffe0a470} (0xffe0a470)
 - private volatile 'contextClassLoader' 'Ljava/lang/ClassLoader;' @64  null (0x00000000)
 - private final 'holder' 'Ljava/lang/Thread$FieldHolder;' @68  a 'java/lang/Thread$FieldHolder'{0x000000008236e690} (0x8236e690)
 - 'threadLocals' 'Ljava/lang/ThreadLocal$ThreadLocalMap;' @72  null (0x00000000)
 - 'inheritableThreadLocals' 'Ljava/lang/ThreadLocal$ThreadLocalMap;' @76  null (0x00000000)
 - private 'scopedValueBindings' 'Ljava/lang/Object;' @80  a 'java/lang/Class'{0x00000000ffe7c280} = 'java/lang/Thread' (0xffe7c280)
 - final 'interruptLock' 'Ljava/lang/Object;' @84  a 'java/lang/Object'{0x000000008236e6b8} (0x8236e6b8)
 - private volatile 'parkBlocker' 'Ljava/lang/Object;' @88  null (0x00000000)
 - private 'nioBlocker' 'Lsun/nio/ch/Interruptible;' @92  null (0x00000000)
 - private 'cont' 'Ljdk/internal/vm/Continuation;' @96  null (0x00000000)
 - private volatile 'uncaughtExceptionHandler' 'Ljava/lang/Thread$UncaughtExceptionHandler;' @100  null (0x00000000)
 - private 'container' 'Ljdk/internal/vm/ThreadContainer;' @104  null (0x00000000)
 - private volatile 'headStackableScopes' 'Ljdk/internal/vm/StackableScope;' @108  null (0x00000000)
R10=0x00007ff9ea149fc0 jvm.dll
R11=0x000000000000002e is an unknown value
R12=0x0000000360dfef40 is pointing into the stack for thread: 0x00000170fe6b3ba0
R13=0x00000170d28bf740 points into unknown readable memory: 0x00007ff9ea0ba510 | 10 a5 0b ea f9 7f 00 00
R14=0x00000170fe6b3f68 points into unknown readable memory: 0x00007ff9ea0b17b0 | b0 17 0b ea f9 7f 00 00
R15=0x00000170fe6b3f68 points into unknown readable memory: 0x00007ff9ea0b17b0 | b0 17 0b ea f9 7f 00 00

Top of Stack: (sp=0x0000000360dfedd0)
0x0000000360dfedd0:   0000000360dfef40 00000170d2b24d60   @..`....`M..p...
0x0000000360dfede0:   0000000000000000 00000170fe6b42f0   .........Bk.p...
0x0000000360dfedf0:   0000000000000034 00007ff9e8bc34db   4........4......
0x0000000360dfee00:   0000000000000000 00000170fe6b3f68   ........h?k.p...
0x0000000360dfee10:   0000000360dfef01 0000000000000000   ...`............
0x0000000360dfee20:   00000170d27b4550 00007ff9e8bc2134   PE{.p...4!......
0x0000000360dfee30:   0000000000000000 0000000000000034   ........4.......
0x0000000360dfee40:   0000000000000000 0000000000000034   ........4.......
0x0000000360dfee50:   0000002200000000 00000170d295e7e0   ....".......p...
0x0000000360dfee60:   00000170d27b4550 00000170d27b4620   PE{.p... F{.p...
0x0000000360dfee70:   00000170d27b464c 0000000000001308   LF{.p...........
0x0000000360dfee80:   0000000000000000 0000000000000000   ................
0x0000000360dfee90:   0000000000000000 00007ff9e99158e4   .........X......
0x0000000360dfeea0:   00007ff9e8d1ae00 00000000000003cc   ................
0x0000000360dfeeb0:   00007ff9e8d1ae00 00000000ffffffff   ................
0x0000000360dfeec0:   0000000000000000 00007ff9e8bc29aa   .........)......
0x0000000360dfeed0:   00000170fe6b3f68 0000000000000000   h?k.p...........
0x0000000360dfeee0:   0000000360dfef49 00000170d28bf740   I..`....@...p...
0x0000000360dfeef0:   0000000000000003 0000000000000048   ........H.......
0x0000000360dfef00:   0000000800800310 0000000000000020   ........ .......
0x0000000360dfef10:   00000170fe6b3f68 00007ff9e8d1ae00   h?k.p...........
0x0000000360dfef20:   00000170fe6b9520 00000170d24734e0    .k.p....4G.p...
0x0000000360dfef30:   0000000800800390 00000170fe6b3f68   ........h?k.p...
0x0000000360dfef40:   00000170d20059c0 00000170d2006040   .Y..p...@`..p...
0x0000000360dfef50:   00000170d2006040 00007ff9e8d1ae00   @`..p...........
0x0000000360dfef60:   0000000360dff0d8 00000170f6740000   ...`......t.p...
0x0000000360dfef70:   0000000360dff210 0000000000008840   ...`....@.......
0x0000000360dfef80:   0000000360dff3f0 00007ff9e8d1ae50   ...`....P.......
0x0000000360dfef90:   0000000000989680 0000000000989680   ................
0x0000000360dfefa0:   0000000360dff0b0 00007ff9e8bbd561   ...`....a.......
0x0000000360dfefb0:   00007ff9e8d1ae00 00007ff9e8d1ae58   ........X.......
0x0000000360dfefc0:   00007ff900000000 00007ff900000001   ................

Instructions: (pc=0x00007ff9e8bc3004)
  0x00007ff9e8bc2f04:   cc cc cc cc cc cc cc cc cc cc cc cc cc cc cc cc
  0x00007ff9e8bc2f14:   cc cc cc cc cc cc cc cc cc cc cc cc cc cc cc cc
  0x00007ff9e8bc2f24:   cc cc cc cc cc cc cc cc cc cc cc cc cc cc cc cc
  0x00007ff9e8bc2f34:   cc cc cc cc cc cc cc cc cc cc cc cc cc cc cc cc
  0x00007ff9e8bc2f44:   cc cc cc cc cc cc cc cc cc cc cc cc cc cc cc cc
  0x00007ff9e8bc2f54:   cc cc cc cc cc cc cc cc cc cc cc cc cc cc cc cc
  0x00007ff9e8bc2f64:   cc cc cc cc cc cc cc cc cc cc cc cc cc cc cc cc
  0x00007ff9e8bc2f74:   cc cc cc cc cc cc cc cc cc cc cc cc cc cc cc cc
  0x00007ff9e8bc2f84:   cc cc cc cc cc cc cc cc cc cc cc cc 40 57 48 83
  0x00007ff9e8bc2f94:   ec 20 48 8b f9 48 8b 0d 30 80 15 00 48 85 c9 74
  0x00007ff9e8bc2fa4:   20 48 8b 01 48 8d 54 24 38 41 b8 06 00 01 00 4c
  0x00007ff9e8bc2fb4:   8b 48 30 41 ff d1 85 c0 75 07 48 8b 4c 24 38 eb
  0x00007ff9e8bc2fc4:   02 33 c9 4c 8b 05 0a 81 15 00 48 89 5c 24 30 4d
  0x00007ff9e8bc2fd4:   85 c0 74 4a 48 8b 01 48 8b d7 4c 8b 88 28 03 00
  0x00007ff9e8bc2fe4:   00 41 ff d1 48 85 c0 74 35 48 63 0d b8 3d 15 00
  0x00007ff9e8bc2ff4:   48 8b 14 01 48 85 d2 74 15 48 63 05 bc 3d 15 00
=>0x00007ff9e8bc3004:   8b 04 10 48 8b 5c 24 30 48 83 c4 20 5f c3 b8 ff
  0x00007ff9e8bc3014:   ff ff ff 48 8b 5c 24 30 48 83 c4 20 5f c3 80 3d
  0x00007ff9e8bc3024:   bb 7f 15 00 00 bb ff ff ff ff 74 20 4c 8b 0d 51
  0x00007ff9e8bc3034:   7c 15 00 4c 8d 44 24 38 48 8b 0d 35 7c 15 00 48
  0x00007ff9e8bc3044:   8b d7 41 ff d1 85 c0 0f 44 5c 24 38 8b c3 48 8b
  0x00007ff9e8bc3054:   5c 24 30 48 83 c4 20 5f c3 cc cc cc cc cc cc cc
  0x00007ff9e8bc3064:   cc cc cc cc cc cc cc cc cc cc cc cc cc cc cc cc
  0x00007ff9e8bc3074:   cc cc cc cc cc cc cc cc cc cc cc cc cc cc cc cc
  0x00007ff9e8bc3084:   cc cc cc cc cc cc cc cc cc cc cc cc 48 89 54 24
  0x00007ff9e8bc3094:   10 53 55 56 57 41 56 41 57 48 83 ec 28 48 8b f2
  0x00007ff9e8bc30a4:   4c 8b f1 48 89 4c 24 78 45 33 ff 44 89 7c 24 68
  0x00007ff9e8bc30b4:   c7 44 24 60 01 00 00 00 48 8d 4c 24 68 e8 69 3c
  0x00007ff9e8bc30c4:   f7 ff 8b d8 48 8d 4c 24 60 e8 5d 3c f7 ff 8b e8
  0x00007ff9e8bc30d4:   49 8b ce e8 33 f3 f6 ff 48 8b f8 90 8b c3 f0 0f
  0x00007ff9e8bc30e4:   b1 2f 74 04 f3 90 eb f4 4c 89 3e 4c 89 7e 08 4c
  0x00007ff9e8bc30f4:   89 7e 10 49 8b 6e 08 4d 8b 76 10 49 3b ee 0f 84


Stack slot to memory mapping:

stack at sp + 0 slots: 0x0000000360dfef40 is pointing into the stack for thread: 0x00000170fe6b3ba0
stack at sp + 1 slots: 0x00000170d2b24d60 points into unknown readable memory: 0x00000000823d4d30 | 30 4d 3d 82 00 00 00 00
stack at sp + 2 slots: 0x0 is null
stack at sp + 3 slots: 0x00000170fe6b42f0 points into unknown readable memory: 0x6e616c2e6176616a | 6a 61 76 61 2e 6c 61 6e
stack at sp + 4 slots: 0x0000000000000034 is an unknown value
stack at sp + 5 slots: 0x00007ff9e8bc34db libasyncProfiler.dll
stack at sp + 6 slots: 0x0 is null
stack at sp + 7 slots: 0x00000170fe6b3f68 points into unknown readable memory: 0x00007ff9ea0b17b0 | b0 17 0b ea f9 7f 00 00

Lock stack of current Java thread (top to bottom):


---------------  P R O C E S S  ---------------

Threads class SMR info:
_java_thread_list=0x00000170d2fa6bf0, length=38, elements={
0x00000170fe6aef70, 0x00000170fe6b10f0, 0x00000170fe6b2060, 0x00000170fe6b3ba0,
0x00000170fe6b46d0, 0x00000170fe6b5200, 0x00000170fe6b7d40, 0x000001708a8afcf0,
0x00000170d0253380, 0x00000170d02542d0, 0x00000170d0897ff0, 0x00000170d08a0ff0,
0x00000170d08cc7e0, 0x00000170d08d86e0, 0x00000170d08dbb10, 0x00000170d0d98e90,
0x00000170d0d99d30, 0x00000170d0d9a480, 0x00000170d0d9abd0, 0x00000170d0d9ba70,
0x00000170d21cbb30, 0x00000170d21cd120, 0x00000170d21cac90, 0x00000170d21cb3e0,
0x00000170d21cd870, 0x00000170d21c7210, 0x00000170d21cdfc0, 0x00000170d21c8800,
0x00000170d21ce710, 0x00000170d21c7960, 0x00000170d21c80b0, 0x00000170d21c8f50,
0x00000170d21c9df0, 0x00000170d21cc280, 0x00000170d21c96a0, 0x00000170d2cf07d0,
0x00000170d2c083e0, 0x00000170d2c08b30
}

Java Threads: ( => current thread )
  0x00000170fe6aef70 JavaThread "Reference Handler"          daemon [_thread_blocked, id=19348, stack(0x0000000360a00000,0x0000000360b00000) (1024K)]
  0x00000170fe6b10f0 JavaThread "Finalizer"                  daemon [_thread_blocked, id=11108, stack(0x0000000360b00000,0x0000000360c00000) (1024K)]
  0x00000170fe6b2060 JavaThread "Signal Dispatcher"          daemon [_thread_blocked, id=18528, stack(0x0000000360c00000,0x0000000360d00000) (1024K)]
=>0x00000170fe6b3ba0 JavaThread "Attach Listener"            daemon [_thread_in_native, id=9404, stack(0x0000000360d00000,0x0000000360e00000) (1024K)]
  0x00000170fe6b46d0 JavaThread "Service Thread"             daemon [_thread_blocked, id=10748, stack(0x0000000360e00000,0x0000000360f00000) (1024K)]
  0x00000170fe6b5200 JavaThread "Monitor Deflation Thread"   daemon [_thread_blocked, id=9448, stack(0x0000000360f00000,0x0000000361000000) (1024K)]
  0x00000170fe6b7d40 JavaThread "C1 CompilerThread0"         daemon [_thread_blocked, id=13924, stack(0x0000000361000000,0x0000000361100000) (1024K)]
  0x000001708a8afcf0 JavaThread "Common-Cleaner"             daemon [_thread_blocked, id=3152, stack(0x0000000361100000,0x0000000361200000) (1024K)]
  0x00000170d0253380 JavaThread "Monitor Ctrl-Break"         daemon [_thread_in_native, id=11608, stack(0x0000000361300000,0x0000000361400000) (1024K)]
  0x00000170d02542d0 JavaThread "Notification Thread"        daemon [_thread_blocked, id=14616, stack(0x0000000361400000,0x0000000361500000) (1024K)]
  0x00000170d0897ff0 JavaThread "RMI TCP Accept-0"           daemon [_thread_in_native, id=16764, stack(0x0000000361600000,0x0000000361700000) (1024K)]
  0x00000170d08a0ff0 JavaThread "RMI TCP Connection(1)-192.168.0.104" daemon [_thread_in_native, id=5220, stack(0x0000000361700000,0x0000000361800000) (1024K)]
  0x00000170d08cc7e0 JavaThread "RMI TCP Connection(idle)"   daemon [_thread_blocked, id=3332, stack(0x0000000361800000,0x0000000361900000) (1024K)]
  0x00000170d08d86e0 JavaThread "JMX server connection timeout 29" daemon [_thread_blocked, id=17728, stack(0x0000000361900000,0x0000000361a00000) (1024K)]
  0x00000170d08dbb10 JavaThread "RMI Scheduler(0)"           daemon [_thread_blocked, id=15200, stack(0x0000000361a00000,0x0000000361b00000) (1024K)]
  0x00000170d0d98e90 JavaThread "Catalina-utility-1"                [_thread_blocked, id=9328, stack(0x0000000362000000,0x0000000362100000) (1024K)]
  0x00000170d0d99d30 JavaThread "Catalina-utility-2"                [_thread_blocked, id=17884, stack(0x0000000362100000,0x0000000362200000) (1024K)]
  0x00000170d0d9a480 JavaThread "container-0"                       [_thread_blocked, id=17996, stack(0x0000000362200000,0x0000000362300000) (1024K)]
  0x00000170d0d9abd0 JavaThread "mysql-cj-abandoned-connection-cleanup" daemon [_thread_blocked, id=9176, stack(0x0000000362300000,0x0000000362400000) (1024K)]
  0x00000170d0d9ba70 JavaThread "HikariPool-1 housekeeper"   daemon [_thread_blocked, id=19328, stack(0x0000000362500000,0x0000000362600000) (1024K)]
  0x00000170d21cbb30 JavaThread "File Watcher"               daemon [_thread_blocked, id=16056, stack(0x0000000362700000,0x0000000362800000) (1024K)]
  0x00000170d21cd120 JavaThread "Live Reload Server"         daemon [_thread_in_native, id=6212, stack(0x0000000362900000,0x0000000362a00000) (1024K)]
  0x00000170d21cac90 JavaThread "http-nio-8080-exec-1"       daemon [_thread_blocked, id=11104, stack(0x0000000362800000,0x0000000362900000) (1024K)]
  0x00000170d21cb3e0 JavaThread "http-nio-8080-exec-2"       daemon [_thread_blocked, id=6536, stack(0x0000000362a00000,0x0000000362b00000) (1024K)]
  0x00000170d21cd870 JavaThread "http-nio-8080-exec-3"       daemon [_thread_blocked, id=13208, stack(0x0000000362b00000,0x0000000362c00000) (1024K)]
  0x00000170d21c7210 JavaThread "http-nio-8080-exec-4"       daemon [_thread_blocked, id=7220, stack(0x0000000362c00000,0x0000000362d00000) (1024K)]
  0x00000170d21cdfc0 JavaThread "http-nio-8080-exec-5"       daemon [_thread_blocked, id=13740, stack(0x0000000362d00000,0x0000000362e00000) (1024K)]
  0x00000170d21c8800 JavaThread "http-nio-8080-exec-6"       daemon [_thread_blocked, id=19392, stack(0x0000000362e00000,0x0000000362f00000) (1024K)]
  0x00000170d21ce710 JavaThread "http-nio-8080-exec-7"       daemon [_thread_blocked, id=19268, stack(0x0000000362f00000,0x0000000363000000) (1024K)]
  0x00000170d21c7960 JavaThread "http-nio-8080-exec-8"       daemon [_thread_blocked, id=6652, stack(0x0000000363000000,0x0000000363100000) (1024K)]
  0x00000170d21c80b0 JavaThread "http-nio-8080-exec-9"       daemon [_thread_blocked, id=3348, stack(0x0000000363100000,0x0000000363200000) (1024K)]
  0x00000170d21c8f50 JavaThread "http-nio-8080-exec-10"      daemon [_thread_blocked, id=5652, stack(0x0000000363200000,0x0000000363300000) (1024K)]
  0x00000170d21c9df0 JavaThread "http-nio-8080-Poller"       daemon [_thread_in_native, id=3220, stack(0x0000000363300000,0x0000000363400000) (1024K)]
  0x00000170d21cc280 JavaThread "http-nio-8080-Acceptor"     daemon [_thread_in_native, id=404, stack(0x0000000363400000,0x0000000363500000) (1024K)]
  0x00000170d21c96a0 JavaThread "DestroyJavaVM"                     [_thread_blocked, id=12128, stack(0x0000000360200000,0x0000000360300000) (1024K)]
  0x00000170d2cf07d0 JavaThread "C1 CompilerThread1"         daemon [_thread_blocked, id=10768, stack(0x0000000361e00000,0x0000000361f00000) (1024K)]
  0x00000170d2c083e0 JavaThread "JFR Recorder Thread"        daemon [_thread_in_native, id=12084, stack(0x0000000360000000,0x0000000360100000) (1024K)]
  0x00000170d2c08b30 JavaThread "JFR Periodic Tasks"         daemon [_thread_blocked, id=4872, stack(0x0000000360100000,0x0000000360200000) (1024K)]
Total: 38

Other Threads:
  0x00000170fe699660 VMThread "VM Thread"                           [id=7440, stack(0x0000000360900000,0x0000000360a00000) (1024K)]
  0x00000170fe68ec90 WatcherThread "VM Periodic Task Thread"        [id=7160, stack(0x0000000360800000,0x0000000360900000) (1024K)]
  0x00000170f89f22b0 WorkerThread "GC Thread#0"                     [id=3592, stack(0x0000000360300000,0x0000000360400000) (1024K)]
  0x00000170d0a02880 WorkerThread "GC Thread#1"                     [id=10112, stack(0x0000000361b00000,0x0000000361c00000) (1024K)]
  0x00000170d09e8390 WorkerThread "GC Thread#2"                     [id=18344, stack(0x0000000361c00000,0x0000000361d00000) (1024K)]
  0x00000170d0a1ba20 WorkerThread "GC Thread#3"                     [id=10484, stack(0x0000000361d00000,0x0000000361e00000) (1024K)]
  0x00000170f8a06d60 ConcurrentGCThread "G1 Main Marker"            [id=2912, stack(0x0000000360400000,0x0000000360500000) (1024K)]
  0x00000170f8a08910 WorkerThread "G1 Conc#0"                       [id=12488, stack(0x0000000360500000,0x0000000360600000) (1024K)]
  0x00000170f8a4e490 ConcurrentGCThread "G1 Refine#0"               [id=5420, stack(0x0000000360600000,0x0000000360700000) (1024K)]
  0x00000170fe564170 ConcurrentGCThread "G1 Service"                [id=15996, stack(0x0000000360700000,0x0000000360800000) (1024K)]
Total: 10

Threads with active compile tasks:
Total: 0

VM state: not at safepoint (normal execution)

VM Mutex/Monitor currently owned by a thread: None

Heap address: 0x0000000081e00000, size: 2018 MB, Compressed Oops mode: 32-bit

CDS archive(s) mapped at: [0x000001708b000000-0x000001708bd40000-0x000001708bd40000), size 13893632, SharedBaseAddress: 0x000001708b000000, ArchiveRelocationMode: 1.
Compressed class space mapped at: 0x000001708c000000-0x00000170cc000000, reserved size: 1073741824
UseCompressedClassPointers 1, UseCompactObjectHeaders 0
Narrow klass pointer bits 32, Max shift 3
Narrow klass base: 0x000001708b000000, Narrow klass shift: 0
Encoding Range: [0x000001708b000000 - 0x000001718b000000), (4294967296 bytes)
Klass Range:    [0x000001708b000000 - 0x00000170cc000000), (1090519040 bytes)
Klass ID Range:  [8 - 1090519033) (1090519025)

GC Precious Log:
 CardTable entry size: 512
 Card Set container configuration: InlinePtr #cards 5 size 8 Array Of Cards #cards 10 size 36 Howl #buckets 4 coarsen threshold 1843 Howl Bitmap #cards 512 size 80 coarsen threshold 460 Card regions per heap region 1 cards per card region 2048
 CPUs: 4 total, 4 available
 Memory: 8071M
 Large Page Support: Disabled
 NUMA Support: Disabled
 Compressed Oops: Enabled (32-bit)
 Heap Region Size: 1M
 Heap Min Capacity: 8M
 Heap Initial Capacity: 128M
 Heap Max Capacity: 2018M
 Pre-touch: Disabled
 Parallel Workers: 4
 Concurrent Workers: 1
 Concurrent Refinement Workers: 4
 Periodic GC: Disabled

Heap:
 garbage-first heap   total reserved 2066432K, committed 78848K, used 46017K [0x0000000081e00000, 0x0000000100000000)
  region size 1024K, 6 young (6144K), 3 survivors (3072K)
 Metaspace       used 75710K, committed 76480K, reserved 1179648K
  class space    used 8755K, committed 9088K, reserved 1048576K

Heap Regions: E=young(eden), S=young(survivor), O=old, HS=humongous(starts), HC=humongous(continues), CS=collection set, F=free, TAMS=top-at-mark-start, PB=parsable bottom
|   0|0x0000000081e00000, 0x0000000081f00000, 0x0000000081f00000|100%|HS|  |TAMS 0x0000000081e00000| PB 0x0000000081e00000| Complete |  0
|   1|0x0000000081f00000, 0x0000000082000000, 0x0000000082000000|100%|HS|  |TAMS 0x0000000081f00000| PB 0x0000000081f00000| Complete |  0
|   2|0x0000000082000000, 0x0000000082100000, 0x0000000082100000|100%| O|  |TAMS 0x0000000082000000| PB 0x0000000082000000| Untracked |  0
|   3|0x0000000082100000, 0x0000000082200000, 0x0000000082200000|100%| O|  |TAMS 0x0000000082100000| PB 0x0000000082100000| Untracked |  0
|   4|0x0000000082200000, 0x0000000082300000, 0x0000000082300000|100%| O|  |TAMS 0x0000000082200000| PB 0x0000000082200000| Untracked |  0
|   5|0x0000000082300000, 0x0000000082400000, 0x0000000082400000|100%| O|  |TAMS 0x0000000082300000| PB 0x0000000082300000| Untracked |  0
|   6|0x0000000082400000, 0x0000000082500000, 0x0000000082500000|100%| O|  |TAMS 0x0000000082400000| PB 0x0000000082400000| Untracked |  0
|   7|0x0000000082500000, 0x0000000082600000, 0x0000000082600000|100%| O|  |TAMS 0x0000000082500000| PB 0x0000000082500000| Untracked |  0
|   8|0x0000000082600000, 0x0000000082700000, 0x0000000082700000|100%| O|  |TAMS 0x0000000082600000| PB 0x0000000082600000| Untracked |  0
|   9|0x0000000082700000, 0x0000000082800000, 0x0000000082800000|100%| O|  |TAMS 0x0000000082700000| PB 0x0000000082700000| Untracked |  0
|  10|0x0000000082800000, 0x0000000082900000, 0x0000000082900000|100%| O|  |TAMS 0x0000000082800000| PB 0x0000000082800000| Untracked |  0
|  11|0x0000000082900000, 0x0000000082a00000, 0x0000000082a00000|100%| O|  |TAMS 0x0000000082900000| PB 0x0000000082900000| Untracked |  0
|  12|0x0000000082a00000, 0x0000000082b00000, 0x0000000082b00000|100%| O|  |TAMS 0x0000000082a00000| PB 0x0000000082a00000| Untracked |  0
|  13|0x0000000082b00000, 0x0000000082c00000, 0x0000000082c00000|100%| O|  |TAMS 0x0000000082b00000| PB 0x0000000082b00000| Untracked |  0
|  14|0x0000000082c00000, 0x0000000082d00000, 0x0000000082d00000|100%| O|  |TAMS 0x0000000082c00000| PB 0x0000000082c00000| Untracked |  0
|  15|0x0000000082d00000, 0x0000000082e00000, 0x0000000082e00000|100%| O|  |TAMS 0x0000000082d00000| PB 0x0000000082d00000| Untracked |  0
|  16|0x0000000082e00000, 0x0000000082f00000, 0x0000000082f00000|100%| O|Cm|TAMS 0x0000000082e00000| PB 0x0000000082e00000| Complete |  0
|  17|0x0000000082f00000, 0x0000000083000000, 0x0000000083000000|100%| O|Cm|TAMS 0x0000000082f00000| PB 0x0000000082f00000| Complete |  0
|  18|0x0000000083000000, 0x0000000083100000, 0x0000000083100000|100%| O|  |TAMS 0x0000000083000000| PB 0x0000000083000000| Untracked |  0
|  19|0x0000000083100000, 0x0000000083200000, 0x0000000083200000|100%| O|  |TAMS 0x0000000083100000| PB 0x0000000083100000| Untracked |  0
|  20|0x0000000083200000, 0x0000000083300000, 0x0000000083300000|100%| O|  |TAMS 0x0000000083200000| PB 0x0000000083200000| Untracked |  0
|  21|0x0000000083300000, 0x0000000083400000, 0x0000000083400000|100%| O|  |TAMS 0x0000000083300000| PB 0x0000000083300000| Untracked |  0
|  22|0x0000000083400000, 0x0000000083500000, 0x0000000083500000|100%| O|Cm|TAMS 0x0000000083400000| PB 0x0000000083400000| Complete |  0
|  23|0x0000000083500000, 0x0000000083600000, 0x0000000083600000|100%| O|  |TAMS 0x0000000083500000| PB 0x0000000083500000| Untracked |  0
|  24|0x0000000083600000, 0x0000000083700000, 0x0000000083700000|100%| O|  |TAMS 0x0000000083600000| PB 0x0000000083600000| Untracked |  0
|  25|0x0000000083700000, 0x0000000083800000, 0x0000000083800000|100%| O|  |TAMS 0x0000000083700000| PB 0x0000000083700000| Untracked |  0
|  26|0x0000000083800000, 0x0000000083900000, 0x0000000083900000|100%| O|  |TAMS 0x0000000083800000| PB 0x0000000083800000| Untracked |  0
|  27|0x0000000083900000, 0x0000000083a00000, 0x0000000083a00000|100%| O|  |TAMS 0x0000000083900000| PB 0x0000000083900000| Untracked |  0
|  28|0x0000000083a00000, 0x0000000083b00000, 0x0000000083b00000|100%| O|  |TAMS 0x0000000083a00000| PB 0x0000000083a00000| Untracked |  0
|  29|0x0000000083b00000, 0x0000000083c00000, 0x0000000083c00000|100%| O|  |TAMS 0x0000000083b00000| PB 0x0000000083b00000| Untracked |  0
|  30|0x0000000083c00000, 0x0000000083d00000, 0x0000000083d00000|100%| O|  |TAMS 0x0000000083c00000| PB 0x0000000083c00000| Untracked |  0
|  31|0x0000000083d00000, 0x0000000083e00000, 0x0000000083e00000|100%| O|  |TAMS 0x0000000083d00000| PB 0x0000000083d00000| Untracked |  0
|  32|0x0000000083e00000, 0x0000000083f00000, 0x0000000083f00000|100%| O|Cm|TAMS 0x0000000083e00000| PB 0x0000000083e00000| Complete |  0
|  33|0x0000000083f00000, 0x0000000084000000, 0x0000000084000000|100%| O|Cm|TAMS 0x0000000083f00000| PB 0x0000000083f00000| Complete |  0
|  34|0x0000000084000000, 0x0000000084100000, 0x0000000084100000|100%| O|  |TAMS 0x0000000084000000| PB 0x0000000084000000| Untracked |  0
|  35|0x0000000084100000, 0x0000000084200000, 0x0000000084200000|100%| O|  |TAMS 0x0000000084100000| PB 0x0000000084100000| Untracked |  0
|  36|0x0000000084200000, 0x0000000084200000, 0x0000000084300000|  0%| F|  |TAMS 0x0000000084200000| PB 0x0000000084200000| Untracked |  0
|  37|0x0000000084300000, 0x0000000084400000, 0x0000000084400000|100%| O|  |TAMS 0x0000000084300000| PB 0x0000000084300000| Untracked |  0
|  38|0x0000000084400000, 0x0000000084500000, 0x0000000084500000|100%| O|Cm|TAMS 0x0000000084400000| PB 0x0000000084400000| Complete |  0
|  39|0x0000000084500000, 0x0000000084500000, 0x0000000084600000|  0%| F|  |TAMS 0x0000000084500000| PB 0x0000000084500000| Untracked |  0
|  40|0x0000000084600000, 0x0000000084600000, 0x0000000084700000|  0%| F|  |TAMS 0x0000000084600000| PB 0x0000000084600000| Untracked |  0
|  41|0x0000000084700000, 0x0000000084800000, 0x0000000084800000|100%| O|  |TAMS 0x0000000084700000| PB 0x0000000084700000| Untracked |  0
|  42|0x0000000084800000, 0x0000000084870c98, 0x0000000084900000| 44%| O|  |TAMS 0x0000000084800000| PB 0x0000000084800000| Untracked |  0
|  43|0x0000000084900000, 0x0000000084900000, 0x0000000084a00000|  0%| F|  |TAMS 0x0000000084900000| PB 0x0000000084900000| Untracked |  0
|  44|0x0000000084a00000, 0x0000000084a00000, 0x0000000084b00000|  0%| F|  |TAMS 0x0000000084a00000| PB 0x0000000084a00000| Untracked |  0
|  45|0x0000000084b00000, 0x0000000084b00000, 0x0000000084c00000|  0%| F|  |TAMS 0x0000000084b00000| PB 0x0000000084b00000| Untracked |  0
|  46|0x0000000084c00000, 0x0000000084c7f9b0, 0x0000000084d00000| 49%| S|CS|TAMS 0x0000000084c00000| PB 0x0000000084c00000| Complete |  0
|  47|0x0000000084d00000, 0x0000000084e00000, 0x0000000084e00000|100%| S|CS|TAMS 0x0000000084d00000| PB 0x0000000084d00000| Complete |  0
|  48|0x0000000084e00000, 0x0000000084f00000, 0x0000000084f00000|100%| S|CS|TAMS 0x0000000084e00000| PB 0x0000000084e00000| Complete |  0
|  49|0x0000000084f00000, 0x0000000084f00000, 0x0000000085000000|  0%| F|  |TAMS 0x0000000084f00000| PB 0x0000000084f00000| Untracked |  0
|  50|0x0000000085000000, 0x0000000085000000, 0x0000000085100000|  0%| F|  |TAMS 0x0000000085000000| PB 0x0000000085000000| Untracked |  0
|  51|0x0000000085100000, 0x0000000085100000, 0x0000000085200000|  0%| F|  |TAMS 0x0000000085100000| PB 0x0000000085100000| Untracked |  0
|  52|0x0000000085200000, 0x0000000085200000, 0x0000000085300000|  0%| F|  |TAMS 0x0000000085200000| PB 0x0000000085200000| Untracked |  0
|  53|0x0000000085300000, 0x0000000085300000, 0x0000000085400000|  0%| F|  |TAMS 0x0000000085300000| PB 0x0000000085300000| Untracked |  0
|  54|0x0000000085400000, 0x0000000085400000, 0x0000000085500000|  0%| F|  |TAMS 0x0000000085400000| PB 0x0000000085400000| Untracked |  0
|  55|0x0000000085500000, 0x0000000085500000, 0x0000000085600000|  0%| F|  |TAMS 0x0000000085500000| PB 0x0000000085500000| Untracked |  0
|  56|0x0000000085600000, 0x0000000085600000, 0x0000000085700000|  0%| F|  |TAMS 0x0000000085600000| PB 0x0000000085600000| Untracked |  0
|  57|0x0000000085700000, 0x0000000085700000, 0x0000000085800000|  0%| F|  |TAMS 0x0000000085700000| PB 0x0000000085700000| Untracked |  0
|  58|0x0000000085800000, 0x0000000085800000, 0x0000000085900000|  0%| F|  |TAMS 0x0000000085800000| PB 0x0000000085800000| Untracked |  0
|  59|0x0000000085900000, 0x0000000085900000, 0x0000000085a00000|  0%| F|  |TAMS 0x0000000085900000| PB 0x0000000085900000| Untracked |  0
|  60|0x0000000085a00000, 0x0000000085a00000, 0x0000000085b00000|  0%| F|  |TAMS 0x0000000085a00000| PB 0x0000000085a00000| Untracked |  0
|  61|0x0000000085b00000, 0x0000000085b00000, 0x0000000085c00000|  0%| F|  |TAMS 0x0000000085b00000| PB 0x0000000085b00000| Untracked |  0
|  62|0x0000000085c00000, 0x0000000085c00000, 0x0000000085d00000|  0%| F|  |TAMS 0x0000000085c00000| PB 0x0000000085c00000| Untracked |  0
|  63|0x0000000085d00000, 0x0000000085d00000, 0x0000000085e00000|  0%| F|  |TAMS 0x0000000085d00000| PB 0x0000000085d00000| Untracked |  0
|  64|0x0000000085e00000, 0x0000000085e00000, 0x0000000085f00000|  0%| F|  |TAMS 0x0000000085e00000| PB 0x0000000085e00000| Untracked |  0
|  65|0x0000000085f00000, 0x0000000085f00000, 0x0000000086000000|  0%| F|  |TAMS 0x0000000085f00000| PB 0x0000000085f00000| Untracked |  0
|  66|0x0000000086000000, 0x0000000086000000, 0x0000000086100000|  0%| F|  |TAMS 0x0000000086000000| PB 0x0000000086000000| Untracked |  0
|  67|0x0000000086100000, 0x0000000086100000, 0x0000000086200000|  0%| F|  |TAMS 0x0000000086100000| PB 0x0000000086100000| Untracked |  0
| 106|0x0000000088800000, 0x0000000088800000, 0x0000000088900000|  0%| F|  |TAMS 0x0000000088800000| PB 0x0000000088800000| Untracked |  0
| 107|0x0000000088900000, 0x0000000088900000, 0x0000000088a00000|  0%| F|  |TAMS 0x0000000088900000| PB 0x0000000088900000| Untracked |  0
| 108|0x0000000088a00000, 0x0000000088a00000, 0x0000000088b00000|  0%| F|  |TAMS 0x0000000088a00000| PB 0x0000000088a00000| Untracked |  0
| 109|0x0000000088b00000, 0x0000000088b00000, 0x0000000088c00000|  0%| F|  |TAMS 0x0000000088b00000| PB 0x0000000088b00000| Untracked |  0
| 110|0x0000000088c00000, 0x0000000088c00000, 0x0000000088d00000|  0%| F|  |TAMS 0x0000000088c00000| PB 0x0000000088c00000| Untracked |  0
| 111|0x0000000088d00000, 0x0000000088de9348, 0x0000000088e00000| 91%| E|  |TAMS 0x0000000088d00000| PB 0x0000000088d00000| Complete |  0
| 127|0x0000000089d00000, 0x0000000089e00000, 0x0000000089e00000|100%| E|CS|TAMS 0x0000000089d00000| PB 0x0000000089d00000| Complete |  0
|2016|0x00000000ffe00000, 0x00000000fff00000, 0x00000000fff00000|100%| O|  |TAMS 0x00000000ffe00000| PB 0x00000000ffe00000| Untracked |  0
|2017|0x00000000fff00000, 0x0000000100000000, 0x0000000100000000|100%| E|CS|TAMS 0x00000000fff00000| PB 0x00000000fff00000| Complete |  0

Card table byte_map: [0x00000170fbe50000,0x00000170fc250000] _byte_map_base: 0x00000170fba41000

Marking Bits: (CMBitMap*) 0x00000170f89f28d0
 Bits: [0x00000170fc250000, 0x00000170fe1d8000)

Polling page: 0x00000170f6960000

Metaspace:

Usage:
  Non-class:     65.39 MB used.
      Class:      8.55 MB used.
       Both:     73.94 MB used.

Virtual space:
  Non-class space:      128.00 MB reserved,      65.81 MB ( 51%) committed,  2 nodes.
      Class space:        1.00 GB reserved,       8.88 MB ( <1%) committed,  1 nodes.
             Both:        1.12 GB reserved,      74.69 MB (  6%) committed. 

Chunk freelists:
   Non-Class:  14.24 MB
       Class:  7.16 MB
        Both:  21.40 MB

MaxMetaspaceSize: unlimited
CompressedClassSpaceSize: 1.00 GB
Initial GC threshold: 21.00 MB
Current GC threshold: 124.50 MB
CDS: on
 - commit_granule_bytes: 65536.
 - commit_granule_words: 8192.
 - virtual_space_node_default_size: 8388608.
 - enlarge_chunks_in_place: 1.
UseCompressedClassPointers 1, UseCompactObjectHeaders 0
Narrow klass pointer bits 32, Max shift 3
Narrow klass base: 0x000001708b000000, Narrow klass shift: 0
Encoding Range: [0x000001708b000000 - 0x000001718b000000), (4294967296 bytes)
Klass Range:    [0x000001708b000000 - 0x00000170cc000000), (1090519040 bytes)
Klass ID Range:  [8 - 1090519033) (1090519025)


Internal statistics:

num_allocs_failed_limit: 12.
num_arena_births: 1014.
num_arena_deaths: 4.
num_vsnodes_births: 3.
num_vsnodes_deaths: 0.
num_space_committed: 1195.
num_space_uncommitted: 0.
num_chunks_returned_to_freelist: 18.
num_chunks_taken_from_freelist: 3642.
num_chunk_merges: 12.
num_chunk_splits: 2711.
num_chunks_enlarged: 2187.
num_inconsistent_stats: 0.

CodeCache: size=49152Kb used=11469Kb max_used=11521Kb free=37682Kb
 bounds [0x00000170f8a50000, 0x00000170f95a0000, 0x00000170fba50000]
 total_blobs=8681, nmethods=7927, adapters=678, full_count=0
Compilation: enabled, stopped_count=0, restarted_count=0

Compilation events (20 events):
Event: 60.800 Thread 0x00000170d2cf07d0 8018       1       jdk.jfr.internal.EventControl::getSettingsId (5 bytes)
Event: 60.801 Thread 0x00000170fe6b7d40 8019       1       jdk.jfr.internal.EventControl::getNamedControls (5 bytes)
Event: 60.801 Thread 0x00000170d2cf07d0 nmethod 8018 0x00000170f958dc08 code [0x00000170f958dd00, 0x00000170f958ddc8]
Event: 60.801 Thread 0x00000170fe6b7d40 nmethod 8019 0x00000170f958df08 code [0x00000170f958e000, 0x00000170f958e0c8]
Event: 60.801 Thread 0x00000170fe6b7d40 8020       1       jdk.jfr.internal.PlatformEventType::isEnabled (5 bytes)
Event: 60.801 Thread 0x00000170fe6b7d40 nmethod 8020 0x00000170f958e208 code [0x00000170f958e300, 0x00000170f958e3c8]
Event: 60.801 Thread 0x00000170fe6b7d40 8021       1       java.util.concurrent.atomic.AtomicLong::incrementAndGet (14 bytes)
Event: 60.802 Thread 0x00000170fe6b7d40 nmethod 8021 0x00000170f958e508 code [0x00000170f958e600, 0x00000170f958e6d8]
Event: 60.802 Thread 0x00000170fe6b7d40 8022   !   1       jdk.jfr.internal.Control::setValue (102 bytes)
Event: 60.802 Thread 0x00000170d2cf07d0 8023       1       jdk.jfr.internal.SettingsManager$InternalSetting::getValues (35 bytes)
Event: 60.802 Thread 0x00000170d2cf07d0 nmethod 8023 0x00000170f958e808 code [0x00000170f958e940, 0x00000170f958eb38]
Event: 60.802 Thread 0x00000170d2cf07d0 8024       1       jdk.jfr.internal.Control::apply (10 bytes)
Event: 60.803 Thread 0x00000170d2cf07d0 nmethod 8024 0x00000170f958eb88 code [0x00000170f958eca0, 0x00000170f958edb0]
Event: 60.803 Thread 0x00000170d2cf07d0 8025       1       jdk.jfr.internal.Control::findCombine (121 bytes)
Event: 60.803 Thread 0x00000170fe6b7d40 nmethod 8022 0x00000170f958ee88 code [0x00000170f958f080, 0x00000170f958f6f0]
Event: 60.803 Thread 0x00000170d2cf07d0 nmethod 8025 0x00000170f958f788 code [0x00000170f958f940, 0x00000170f95900b0]
Event: 60.817 Thread 0x00000170d2cf07d0 8026       1       jdk.jfr.internal.periodic.EventTask::getEventType (5 bytes)
Event: 60.817 Thread 0x00000170d2cf07d0 nmethod 8026 0x00000170f9590108 code [0x00000170f9590200, 0x00000170f95902c8]
Event: 60.824 Thread 0x00000170fe6b7d40 8027       1       jdk.jfr.internal.periodic.PeriodicTask::getPeriod (5 bytes)
Event: 60.824 Thread 0x00000170fe6b7d40 nmethod 8027 0x00000170f9590408 code [0x00000170f9590500, 0x00000170f95905c8]

GC Heap History (20 events):
Event: 6.524 GC heap before
{Heap before GC invocations=6 (full 0):
 garbage-first heap   total reserved 2066432K, committed 65536K, used 49585K [0x0000000081e00000, 0x0000000100000000)
  region size 1024K, 30 young (30720K), 3 survivors (3072K)
 Metaspace       used 30603K, committed 31040K, reserved 1114112K
  class space    used 3493K, committed 3712K, reserved 1048576K
}
Event: 6.532 GC heap after
{Heap after GC invocations=7 (full 0):
 garbage-first heap   total reserved 2066432K, committed 65536K, used 24036K [0x0000000081e00000, 0x0000000100000000)
  region size 1024K, 4 young (4096K), 4 survivors (4096K)
 Metaspace       used 30603K, committed 31040K, reserved 1114112K
  class space    used 3493K, committed 3712K, reserved 1048576K
}
Event: 7.413 GC heap before
{Heap before GC invocations=7 (full 0):
 garbage-first heap   total reserved 2066432K, committed 65536K, used 52708K [0x0000000081e00000, 0x0000000100000000)
  region size 1024K, 32 young (32768K), 4 survivors (4096K)
 Metaspace       used 33781K, committed 34304K, reserved 1114112K
  class space    used 3872K, committed 4096K, reserved 1048576K
}
Event: 7.424 GC heap after
{Heap after GC invocations=8 (full 0):
 garbage-first heap   total reserved 2066432K, committed 65536K, used 26423K [0x0000000081e00000, 0x0000000100000000)
  region size 1024K, 3 young (3072K), 3 survivors (3072K)
 Metaspace       used 33781K, committed 34304K, reserved 1114112K
  class space    used 3872K, committed 4096K, reserved 1048576K
}
Event: 7.710 GC heap before
{Heap before GC invocations=8 (full 0):
 garbage-first heap   total reserved 2066432K, committed 65536K, used 32567K [0x0000000081e00000, 0x0000000100000000)
  region size 1024K, 10 young (10240K), 3 survivors (3072K)
 Metaspace       used 35624K, committed 36096K, reserved 1114112K
  class space    used 4034K, committed 4224K, reserved 1048576K
}
Event: 7.716 GC heap after
{Heap after GC invocations=9 (full 0):
 garbage-first heap   total reserved 2066432K, committed 78848K, used 26539K [0x0000000081e00000, 0x0000000100000000)
  region size 1024K, 3 young (3072K), 3 survivors (3072K)
 Metaspace       used 35624K, committed 36096K, reserved 1114112K
  class space    used 4034K, committed 4224K, reserved 1048576K
}
Event: 9.130 GC heap before
{Heap before GC invocations=10 (full 0):
 garbage-first heap   total reserved 2066432K, committed 78848K, used 63403K [0x0000000081e00000, 0x0000000100000000)
  region size 1024K, 40 young (40960K), 3 survivors (3072K)
 Metaspace       used 45395K, committed 45888K, reserved 1114112K
  class space    used 5104K, committed 5312K, reserved 1048576K
}
Event: 9.138 GC heap after
{Heap after GC invocations=11 (full 0):
 garbage-first heap   total reserved 2066432K, committed 78848K, used 29601K [0x0000000081e00000, 0x0000000100000000)
  region size 1024K, 5 young (5120K), 5 survivors (5120K)
 Metaspace       used 45395K, committed 45888K, reserved 1114112K
  class space    used 5104K, committed 5312K, reserved 1048576K
}
Event: 10.541 GC heap before
{Heap before GC invocations=11 (full 0):
 garbage-first heap   total reserved 2066432K, committed 78848K, used 65441K [0x0000000081e00000, 0x0000000100000000)
  region size 1024K, 40 young (40960K), 5 survivors (5120K)
 Metaspace       used 55086K, committed 55616K, reserved 1114112K
  class space    used 6179K, committed 6400K, reserved 1048576K
}
Event: 10.551 GC heap after
{Heap after GC invocations=12 (full 0):
 garbage-first heap   total reserved 2066432K, committed 78848K, used 31124K [0x0000000081e00000, 0x0000000100000000)
  region size 1024K, 2 young (2048K), 2 survivors (2048K)
 Metaspace       used 55086K, committed 55616K, reserved 1114112K
  class space    used 6179K, committed 6400K, reserved 1048576K
}
Event: 11.242 GC heap before
{Heap before GC invocations=12 (full 0):
 garbage-first heap   total reserved 2066432K, committed 78848K, used 55700K [0x0000000081e00000, 0x0000000100000000)
  region size 1024K, 27 young (27648K), 2 survivors (2048K)
 Metaspace       used 60068K, committed 60608K, reserved 1114112K
  class space    used 6700K, committed 6912K, reserved 1048576K
}
Event: 11.249 GC heap after
{Heap after GC invocations=13 (full 0):
 garbage-first heap   total reserved 2066432K, committed 78848K, used 32747K [0x0000000081e00000, 0x0000000100000000)
  region size 1024K, 4 young (4096K), 4 survivors (4096K)
 Metaspace       used 60068K, committed 60608K, reserved 1114112K
  class space    used 6700K, committed 6912K, reserved 1048576K
}
Event: 12.110 GC heap before
{Heap before GC invocations=14 (full 0):
 garbage-first heap   total reserved 2066432K, committed 78848K, used 68587K [0x0000000081e00000, 0x0000000100000000)
  region size 1024K, 39 young (39936K), 4 survivors (4096K)
 Metaspace       used 63795K, committed 64448K, reserved 1114112K
  class space    used 7334K, committed 7616K, reserved 1048576K
}
Event: 12.121 GC heap after
{Heap after GC invocations=15 (full 0):
 garbage-first heap   total reserved 2066432K, committed 78848K, used 35786K [0x0000000081e00000, 0x0000000100000000)
  region size 1024K, 5 young (5120K), 5 survivors (5120K)
 Metaspace       used 63795K, committed 64448K, reserved 1114112K
  class space    used 7334K, committed 7616K, reserved 1048576K
}
Event: 12.880 GC heap before
{Heap before GC invocations=15 (full 0):
 garbage-first heap   total reserved 2066432K, committed 78848K, used 67530K [0x0000000081e00000, 0x0000000100000000)
  region size 1024K, 36 young (36864K), 5 survivors (5120K)
 Metaspace       used 67379K, committed 68032K, reserved 1114112K
  class space    used 7803K, committed 8064K, reserved 1048576K
}
Event: 12.893 GC heap after
{Heap after GC invocations=16 (full 0):
 garbage-first heap   total reserved 2066432K, committed 78848K, used 38094K [0x0000000081e00000, 0x0000000100000000)
  region size 1024K, 4 young (4096K), 4 survivors (4096K)
 Metaspace       used 67379K, committed 68032K, reserved 1114112K
  class space    used 7803K, committed 8064K, reserved 1048576K
}
Event: 17.292 GC heap before
{Heap before GC invocations=16 (full 0):
 garbage-first heap   total reserved 2066432K, committed 78848K, used 67790K [0x0000000081e00000, 0x0000000100000000)
  region size 1024K, 34 young (34816K), 4 survivors (4096K)
 Metaspace       used 73004K, committed 73728K, reserved 1114112K
  class space    used 8440K, committed 8768K, reserved 1048576K
}
Event: 17.304 GC heap after
{Heap after GC invocations=17 (full 0):
 garbage-first heap   total reserved 2066432K, committed 78848K, used 41804K [0x0000000081e00000, 0x0000000100000000)
  region size 1024K, 4 young (4096K), 4 survivors (4096K)
 Metaspace       used 73004K, committed 73728K, reserved 1114112K
  class space    used 8440K, committed 8768K, reserved 1048576K
}
Event: 60.752 GC heap before
{Heap before GC invocations=17 (full 0):
 garbage-first heap   total reserved 2066432K, committed 78848K, used 68428K [0x0000000081e00000, 0x0000000100000000)
  region size 1024K, 31 young (31744K), 4 survivors (4096K)
 Metaspace       used 75667K, committed 76480K, reserved 1179648K
  class space    used 8749K, committed 9088K, reserved 1048576K
}
Event: 60.762 GC heap after
{Heap after GC invocations=18 (full 0):
 garbage-first heap   total reserved 2066432K, committed 78848K, used 43969K [0x0000000081e00000, 0x0000000100000000)
  region size 1024K, 3 young (3072K), 3 survivors (3072K)
 Metaspace       used 75667K, committed 76480K, reserved 1179648K
  class space    used 8749K, committed 9088K, reserved 1048576K
}

Dll operation events (13 events):
Event: 0.025 Loaded shared library C:\Users\Stopa\.jdks\openjdk-24\bin\java.dll
Event: 0.462 Loaded shared library C:\Users\Stopa\.jdks\openjdk-24\bin\zip.dll
Event: 0.467 Loaded shared library C:\Users\Stopa\.jdks\openjdk-24\bin\instrument.dll
Event: 0.477 Loaded shared library C:\Users\Stopa\.jdks\openjdk-24\bin\net.dll
Event: 0.480 Loaded shared library C:\Users\Stopa\.jdks\openjdk-24\bin\nio.dll
Event: 0.486 Loaded shared library C:\Users\Stopa\.jdks\openjdk-24\bin\zip.dll
Event: 0.863 Loaded shared library C:\Users\Stopa\.jdks\openjdk-24\bin\jimage.dll
Event: 0.874 Loaded shared library C:\Users\Stopa\.jdks\openjdk-24\bin\extnet.dll
Event: 0.908 Loaded shared library C:\Users\Stopa\.jdks\openjdk-24\bin\management.dll
Event: 0.935 Loaded shared library C:\Users\Stopa\.jdks\openjdk-24\bin\management_ext.dll
Event: 3.738 Loaded shared library C:\Users\Stopa\.jdks\openjdk-24\bin\sunmscapi.dll
Event: 8.119 Loaded shared library C:\Users\Stopa\.jdks\openjdk-24\bin\verify.dll
Event: 60.533 Loaded shared library C:\Users\Stopa\AppData\Local\Temp\idea_libasyncProfiler_dll_temp_folder\libasyncProfiler.dll

Deoptimization events (4 events):
Event: 16.620 Thread 0x00000170d08a0ff0 DEOPT PACKING pc=0x00000170f92c1f1c sp=0x00000003617ff280
Event: 16.620 Thread 0x00000170d08a0ff0 DEOPT UNPACKING pc=0x00000170f8aa5722 sp=0x00000003617fe718 mode 0
Event: 31.619 Thread 0x00000170d08cc7e0 DEOPT PACKING pc=0x00000170f92c1f1c sp=0x00000003618ff250
Event: 31.619 Thread 0x00000170d08cc7e0 DEOPT UNPACKING pc=0x00000170f8aa5722 sp=0x00000003618fe6e8 mode 0

Classes loaded (20 events):
Event: 60.746 Loading class jdk/jfr/internal/MetadataWriter
Event: 60.746 Loading class jdk/jfr/internal/MetadataWriter done
Event: 60.746 Loading class jdk/jfr/internal/MetadataDescriptor$Element
Event: 60.746 Loading class jdk/jfr/internal/MetadataDescriptor$Element done
Event: 60.747 Loading class jdk/jfr/internal/MetadataDescriptor$Attribute
Event: 60.747 Loading class jdk/jfr/internal/MetadataDescriptor$Attribute done
Event: 60.772 Loading class jdk/jfr/internal/consumer/StringParser$Encoding
Event: 60.773 Loading class jdk/jfr/internal/consumer/StringParser$Encoding done
Event: 60.787 Loading class jdk/jfr/internal/consumer/RepositoryFiles
Event: 60.788 Loading class jdk/jfr/internal/consumer/RepositoryFiles done
Event: 60.794 Loading class jdk/jfr/internal/SettingsManager$InternalSetting
Event: 60.795 Loading class jdk/jfr/internal/SettingsManager$InternalSetting done
Event: 60.797 Loading class jdk/jfr/internal/util/Rate
Event: 60.797 Loading class jdk/jfr/internal/util/Rate done
Event: 60.797 Loading class jdk/jfr/internal/util/TimespanUnit
Event: 60.797 Loading class jdk/jfr/internal/util/TimespanUnit done
Event: 60.797 Loading class jdk/jfr/internal/util/ValueParser
Event: 60.798 Loading class jdk/jfr/internal/util/ValueParser done
Event: 60.803 Loading class jdk/jfr/internal/periodic/PeriodicType
Event: 60.804 Loading class jdk/jfr/internal/periodic/PeriodicType done

Classes unloaded (2 events):
Event: 3.916 Thread 0x00000170fe699660 Unloading class 0x000001708c0c4000 'java/lang/invoke/LambdaForm$DMH+0x000001708c0c4000'
Event: 3.916 Thread 0x00000170fe699660 Unloading class 0x000001708c00ac00 'java/lang/invoke/LambdaForm$MH+0x000001708c00ac00'

Classes redefined (0 events):
No events

Internal exceptions (20 events):
Event: 13.101 Thread 0x00000170d0b3aad0 Exception <a 'java/lang/IncompatibleClassChangeError'{0x0000000086134bc8}: Found class java.lang.Object, but interface was expected> (0x0000000086134bc8) 
thrown [s\open\src\hotspot\share\interpreter\linkResolver.cpp, line 872]
Event: 13.266 Thread 0x00000170d0b3aad0 Exception <a 'java/lang/NoSuchMethodError'{0x0000000085c78910}: 'java.lang.Object java.lang.invoke.DirectMethodHandle$Holder.newInvokeSpecial(java.lang.Object, java.lang.Object, int, java.lang.Object, java.lang.Object)'> (0x0000000085c78910) 
thrown [s\open\src\hotspot\share\interpreter\linkResolver.cpp, line 805]
Event: 13.859 Thread 0x00000170d08a0ff0 Exception <a 'java/lang/NoSuchMethodError'{0x0000000085648900}: 'java.lang.Object java.lang.invoke.DirectMethodHandle$Holder.invokeInterface(java.lang.Object, java.lang.Object, java.lang.Object, java.lang.Object, java.lang.Object, java.lang.Object, java.lang.Object)'> (0x0000000085648900) 
thrown [s\open\src\hotspot\share\interpreter\linkResolver.cpp, line 805]
Event: 16.490 Thread 0x00000170d21cc280 Exception <a 'java/lang/NoSuchMethodError'{0x000000008550fbf0}: 'java.lang.Object java.lang.invoke.DirectMethodHandle$Holder.invokeStatic(java.lang.Object, java.lang.Object, java.lang.Object, int, int)'> (0x000000008550fbf0) 
thrown [s\open\src\hotspot\share\interpreter\linkResolver.cpp, line 805]
Event: 16.490 Thread 0x00000170d21cc280 Exception <a 'java/lang/NoSuchMethodError'{0x0000000085517b60}: 'java.lang.Object java.lang.invoke.DirectMethodHandle$Holder.invokeStaticInit(java.lang.Object, java.lang.Object, java.lang.Object, int, int)'> (0x0000000085517b60) 
thrown [s\open\src\hotspot\share\interpreter\linkResolver.cpp, line 805]
Event: 16.719 Thread 0x00000170d21cac90 Exception <a 'java/lang/NoSuchMethodError'{0x000000008540e8c8}: 'java.lang.Object java.lang.invoke.DirectMethodHandle$Holder.invokeSpecial(java.lang.Object, java.lang.Object, java.lang.Object, java.lang.Object, java.lang.Object, long)'> (0x000000008540e8c8) 
thrown [s\open\src\hotspot\share\interpreter\linkResolver.cpp, line 805]
Event: 16.729 Thread 0x00000170d21cac90 Exception <a 'java/lang/NoSuchMethodError'{0x00000000854171e8}: 'java.lang.Object java.lang.invoke.DirectMethodHandle$Holder.invokeSpecial(java.lang.Object, java.lang.Object, java.lang.Object, java.lang.Object, java.lang.Object, java.lang.Object, long)'> (0x00000000854171e8) 
thrown [s\open\src\hotspot\share\interpreter\linkResolver.cpp, line 805]
Event: 16.731 Thread 0x00000170d21cac90 Exception <a 'java/lang/NoSuchMethodError'{0x000000008541f580}: 'java.lang.Object java.lang.invoke.DelegatingMethodHandle$Holder.reinvoke_L(java.lang.Object, java.lang.Object, java.lang.Object, java.lang.Object, java.lang.Object, long)'> (0x000000008541f580) 
thrown [s\open\src\hotspot\share\interpreter\linkResolver.cpp, line 805]
Event: 16.732 Thread 0x00000170d21cac90 Exception <a 'java/lang/NoSuchMethodError'{0x000000008542f980}: 'java.lang.Object java.lang.invoke.Invokers$Holder.linkToTargetMethod(java.lang.Object, java.lang.Object, java.lang.Object, long, java.lang.Object)'> (0x000000008542f980) 
thrown [s\open\src\hotspot\share\interpreter\linkResolver.cpp, line 805]
Event: 17.950 Thread 0x00000170d21cb3e0 Exception <a 'java/lang/NoSuchMethodError'{0x0000000088a12df8}: 'java.lang.Object java.lang.invoke.DirectMethodHandle$Holder.invokeStatic(java.lang.Object, int, int)'> (0x0000000088a12df8) 
thrown [s\open\src\hotspot\share\interpreter\linkResolver.cpp, line 805]
Event: 17.981 Thread 0x00000170d21cd870 Exception <a 'java/io/IOException'{0x0000000088a768e0}> (0x0000000088a768e0) 
thrown [s\open\src\hotspot\share\prims\jni.cpp, line 518]
Event: 47.611 Thread 0x00000170d21c7210 Exception <a 'java/lang/NullPointerException'{0x0000000085f9cbc8}> (0x0000000085f9cbc8) 
thrown [s\open\src\hotspot\share\interpreter\linkResolver.cpp, line 1417]
Event: 47.630 Thread 0x00000170d21c8800 Exception <a 'java/io/IOException'{0x0000000085fcc790}> (0x0000000085fcc790) 
thrown [s\open\src\hotspot\share\prims\jni.cpp, line 518]
Event: 55.118 Thread 0x00000170d21c80b0 Exception <a 'java/io/IOException'{0x00000000859be580}> (0x00000000859be580) 
thrown [s\open\src\hotspot\share\prims\jni.cpp, line 518]
Event: 60.639 Thread 0x00000170fe6b3ba0 Exception <a 'java/lang/NoSuchMethodError'{0x000000008556b5b8}: 'void java.lang.invoke.DirectMethodHandle$Holder.invokeStaticInit(java.lang.Object)'> (0x000000008556b5b8) 
thrown [s\open\src\hotspot\share\interpreter\linkResolver.cpp, line 805]
Event: 60.727 Thread 0x00000170fe6b3ba0 Exception <a 'java/lang/NoSuchMethodError'{0x00000000850ffe10}: 'void java.lang.invoke.DirectMethodHandle$Holder.invokeSpecial(java.lang.Object, java.lang.Object, int)'> (0x00000000850ffe10) 
thrown [s\open\src\hotspot\share\interpreter\linkResolver.cpp, line 805]
Event: 60.727 Thread 0x00000170fe6b3ba0 Exception <a 'java/lang/NoSuchMethodError'{0x0000000084f07a58}: 'void java.lang.invoke.Invokers$Holder.invokeExact_MT(java.lang.Object, int, java.lang.Object)'> (0x0000000084f07a58) 
thrown [s\open\src\hotspot\share\interpreter\linkResolver.cpp, line 805]
Event: 60.735 Thread 0x00000170fe6b3ba0 Exception <a 'sun/nio/fs/WindowsException'{0x0000000084f644b0}> (0x0000000084f644b0) 
thrown [s\open\src\hotspot\share\prims\jni.cpp, line 518]
Event: 60.737 Thread 0x00000170fe6b3ba0 Exception <a 'sun/nio/fs/WindowsException'{0x0000000084f71350}> (0x0000000084f71350) 
thrown [s\open\src\hotspot\share\prims\jni.cpp, line 518]
Event: 60.742 Thread 0x00000170fe6b3ba0 Exception <a 'sun/nio/fs/WindowsException'{0x0000000084f83068}> (0x0000000084f83068) 
thrown [s\open\src\hotspot\share\prims\jni.cpp, line 518]

VM Operations (20 events):
Event: 16.497 Executing VM operation: HandshakeAllThreads (Deoptimize) done
Event: 16.779 Executing VM operation: HandshakeAllThreads (Deoptimize)
Event: 16.780 Executing VM operation: HandshakeAllThreads (Deoptimize) done
Event: 16.939 Executing VM operation: HandshakeAllThreads (Deoptimize)
Event: 16.939 Executing VM operation: HandshakeAllThreads (Deoptimize) done
Event: 16.949 Executing VM operation: HandshakeAllThreads (Deoptimize)
Event: 16.949 Executing VM operation: HandshakeAllThreads (Deoptimize) done
Event: 17.292 Executing VM operation: G1CollectForAllocation (G1 Evacuation Pause)
Event: 17.304 Executing VM operation: G1CollectForAllocation (G1 Evacuation Pause) done
Event: 17.531 Executing VM operation: HandshakeAllThreads (Deoptimize)
Event: 17.531 Executing VM operation: HandshakeAllThreads (Deoptimize) done
Event: 60.060 Executing VM operation: HandshakeAllThreads (HandshakeForDeflation)
Event: 60.060 Executing VM operation: HandshakeAllThreads (HandshakeForDeflation) done
Event: 60.060 Executing VM operation: RendezvousGCThreads
Event: 60.060 Executing VM operation: RendezvousGCThreads done
Event: 60.752 Executing VM operation: G1CollectForAllocation (G1 Evacuation Pause)
Event: 60.762 Executing VM operation: G1CollectForAllocation (G1 Evacuation Pause) done
Event: 60.789 Executing VM operation: JFRSafepointClear
Event: 60.789 Executing VM operation: JFRSafepointClear done
Event: 60.900 Executing VM operation: G1PauseRemark

Memory protections (0 events):
No events

Nmethod flushes (20 events):
Event: 60.907 Thread 0x00000170fe699660 flushing  nmethod 0x00000170f92ab188
Event: 60.907 Thread 0x00000170fe699660 flushing osr nmethod 0x00000170f8c8aa88
Event: 60.907 Thread 0x00000170fe699660 flushing  nmethod 0x00000170f8d31608
Event: 60.907 Thread 0x00000170fe699660 flushing  nmethod 0x00000170f8d4e988
Event: 60.907 Thread 0x00000170fe699660 flushing  nmethod 0x00000170f9098a08
Event: 60.907 Thread 0x00000170fe699660 flushing  nmethod 0x00000170f9344c08
Event: 60.907 Thread 0x00000170fe699660 flushing  nmethod 0x00000170f8c34008
Event: 60.907 Thread 0x00000170fe699660 flushing  nmethod 0x00000170f8ddac88
Event: 60.907 Thread 0x00000170fe699660 flushing  nmethod 0x00000170f90ea288
Event: 60.907 Thread 0x00000170fe699660 flushing  nmethod 0x00000170f9132e08
Event: 60.907 Thread 0x00000170fe699660 flushing  nmethod 0x00000170f9286f88
Event: 60.907 Thread 0x00000170fe699660 flushing  nmethod 0x00000170f92e0008
Event: 60.907 Thread 0x00000170fe699660 flushing  nmethod 0x00000170f90c0088
Event: 60.907 Thread 0x00000170fe699660 flushing  nmethod 0x00000170f90c1988
Event: 60.907 Thread 0x00000170fe699660 flushing  nmethod 0x00000170f9122988
Event: 60.907 Thread 0x00000170fe699660 flushing  nmethod 0x00000170f9219d08
Event: 60.907 Thread 0x00000170fe699660 flushing  nmethod 0x00000170f921eb08
Event: 60.907 Thread 0x00000170fe699660 flushing  nmethod 0x00000170f921ee08
Event: 60.907 Thread 0x00000170fe699660 flushing  nmethod 0x00000170f92eca88
Event: 60.907 Thread 0x00000170fe699660 flushing  nmethod 0x00000170f92ef388

Events (20 events):
Event: 13.372 Thread 0x00000170d0b3aad0 Thread added: 0x00000170d21c9df0
Event: 13.373 Thread 0x00000170d0b3aad0 Thread added: 0x00000170d21cc280
Event: 13.401 Thread 0x00000170d0b3aad0 Thread exited: 0x00000170d0b3aad0
Event: 13.406 Thread 0x00000170d0bf41c0 Thread exited: 0x00000170d0bf41c0
Event: 13.407 Thread 0x00000170f899b950 Thread exited: 0x00000170f899b950
Event: 13.407 Thread 0x00000170d21c96a0 Thread added: 0x00000170d21c96a0
Event: 13.849 Thread 0x00000170d08cc7e0 Thread added: 0x00000170d0838750
Event: 13.855 Thread 0x00000170d0838750 Thread exited: 0x00000170d0838750
Event: 13.855 Thread 0x00000170d08a0ff0 Thread added: 0x00000170d0838ea0
Event: 13.863 Thread 0x00000170d0838ea0 Thread exited: 0x00000170d0838ea0
Event: 13.865 Thread 0x00000170d08a0ff0 Thread added: 0x00000170d0837160
Event: 13.872 Thread 0x00000170d0837160 Thread exited: 0x00000170d0837160
Event: 14.239 Thread 0x00000170d0d9b320 Thread exited: 0x00000170d0d9b320
Event: 16.298 Thread 0x00000170d06d9450 Thread exited: 0x00000170d06d9450
Event: 16.298 Thread 0x000001708a911780 Thread exited: 0x000001708a911780
Event: 17.975 Thread 0x00000170fe6b7d40 Thread added: 0x00000170d2a2a7a0
Event: 19.188 Thread 0x00000170d2a2a7a0 Thread exited: 0x00000170d2a2a7a0
Event: 55.182 Thread 0x00000170fe6b7d40 Thread added: 0x00000170d2cf07d0
Event: 60.635 Thread 0x00000170fe6b3ba0 Thread added: 0x00000170d2c083e0
Event: 60.730 Thread 0x00000170fe6b3ba0 Thread added: 0x00000170d2c08b30


Dynamic libraries:
0x00007ff6e0e50000 - 0x00007ff6e0e5e000 	C:\Users\Stopa\.jdks\openjdk-24\bin\java.exe
0x00007ffa4d490000 - 0x00007ffa4d688000 	C:\Windows\SYSTEM32\ntdll.dll
0x00007ffa4d380000 - 0x00007ffa4d442000 	C:\Windows\System32\KERNEL32.DLL
0x00007ffa4b0c0000 - 0x00007ffa4b3b6000 	C:\Windows\System32\KERNELBASE.dll
0x00007ffa4ab60000 - 0x00007ffa4ac60000 	C:\Windows\System32\ucrtbase.dll
0x00007ffa3d520000 - 0x00007ffa3d536000 	C:\Users\Stopa\.jdks\openjdk-24\bin\jli.dll
0x00007ffa4b8a0000 - 0x00007ffa4ba3d000 	C:\Windows\System32\USER32.dll
0x00007ffa4b090000 - 0x00007ffa4b0b2000 	C:\Windows\System32\win32u.dll
0x00007ffa4c2f0000 - 0x00007ffa4c31b000 	C:\Windows\System32\GDI32.dll
0x00007ffa4ae10000 - 0x00007ffa4af2a000 	C:\Windows\System32\gdi32full.dll
0x00007ffa4acf0000 - 0x00007ffa4ad8d000 	C:\Windows\System32\msvcp_win.dll
0x00007ffa3d540000 - 0x00007ffa3d55b000 	C:\Users\Stopa\.jdks\openjdk-24\bin\VCRUNTIME140.dll
0x00007ffa2ece0000 - 0x00007ffa2ef7a000 	C:\Windows\WinSxS\amd64_microsoft.windows.common-controls_6595b64144ccf1df_6.0.19041.5794_none_60bcd33171f2783c\COMCTL32.dll
0x00007ffa4ba40000 - 0x00007ffa4bade000 	C:\Windows\System32\msvcrt.dll
0x00007ffa4bdc0000 - 0x00007ffa4bdef000 	C:\Windows\System32\IMM32.DLL
0x00007ffa47c50000 - 0x00007ffa47c5c000 	C:\Users\Stopa\.jdks\openjdk-24\bin\vcruntime140_1.dll
0x00007ffa29500000 - 0x00007ffa2958e000 	C:\Users\Stopa\.jdks\openjdk-24\bin\msvcp140.dll
0x00007ff9e9480000 - 0x00007ff9ea222000 	C:\Users\Stopa\.jdks\openjdk-24\bin\server\jvm.dll
0x00007ffa4d270000 - 0x00007ffa4d31f000 	C:\Windows\System32\ADVAPI32.dll
0x00007ffa4bd20000 - 0x00007ffa4bdbf000 	C:\Windows\System32\sechost.dll
0x00007ffa4b5f0000 - 0x00007ffa4b713000 	C:\Windows\System32\RPCRT4.dll
0x00007ffa4ab30000 - 0x00007ffa4ab57000 	C:\Windows\System32\bcrypt.dll
0x00007ffa4d050000 - 0x00007ffa4d0bb000 	C:\Windows\System32\WS2_32.dll
0x00007ffa2e6e0000 - 0x00007ffa2e707000 	C:\Windows\SYSTEM32\WINMM.dll
0x00007ffa45760000 - 0x00007ffa4576a000 	C:\Windows\SYSTEM32\VERSION.dll
0x00007ffa4a540000 - 0x00007ffa4a58b000 	C:\Windows\SYSTEM32\POWRPROF.dll
0x00007ffa4a520000 - 0x00007ffa4a532000 	C:\Windows\SYSTEM32\UMPDC.dll
0x00007ffa48970000 - 0x00007ffa48982000 	C:\Windows\SYSTEM32\kernel.appcore.dll
0x00007ffa447e0000 - 0x00007ffa447ea000 	C:\Users\Stopa\.jdks\openjdk-24\bin\jimage.dll
0x00007ffa38b00000 - 0x00007ffa38d01000 	C:\Windows\SYSTEM32\DBGHELP.DLL
0x00007ffa2f9c0000 - 0x00007ffa2f9f4000 	C:\Windows\SYSTEM32\dbgcore.DLL
0x00007ffa4ac60000 - 0x00007ffa4ace2000 	C:\Windows\System32\bcryptPrimitives.dll
0x00007ffa3ddb0000 - 0x00007ffa3ddbf000 	C:\Users\Stopa\.jdks\openjdk-24\bin\instrument.dll
0x00007ffa3cc30000 - 0x00007ffa3cc4e000 	C:\Users\Stopa\.jdks\openjdk-24\bin\java.dll
0x00007ffa4b4c0000 - 0x00007ffa4b5eb000 	C:\Windows\System32\ole32.dll
0x00007ffa4cb70000 - 0x00007ffa4cec3000 	C:\Windows\System32\combase.dll
0x00007ffa4c320000 - 0x00007ffa4ca8e000 	C:\Windows\System32\SHELL32.dll
0x00007ffa48b70000 - 0x00007ffa49313000 	C:\Windows\SYSTEM32\windows.storage.dll
0x00007ffa4a410000 - 0x00007ffa4a43b000 	C:\Windows\SYSTEM32\Wldp.dll
0x00007ffa4cf80000 - 0x00007ffa4d04d000 	C:\Windows\System32\OLEAUT32.dll
0x00007ffa4bc10000 - 0x00007ffa4bcbd000 	C:\Windows\System32\SHCORE.dll
0x00007ffa4bdf0000 - 0x00007ffa4be45000 	C:\Windows\System32\shlwapi.dll
0x00007ffa4aa60000 - 0x00007ffa4aa85000 	C:\Windows\SYSTEM32\profapi.dll
0x00007ffa3cbf0000 - 0x00007ffa3cc07000 	C:\Users\Stopa\.jdks\openjdk-24\bin\zip.dll
0x00007ffa44200000 - 0x00007ffa44210000 	C:\Users\Stopa\.jdks\openjdk-24\bin\net.dll
0x00007ffa4a190000 - 0x00007ffa4a1fc000 	C:\Windows\system32\mswsock.dll
0x00007ffa3cc10000 - 0x00007ffa3cc26000 	C:\Users\Stopa\.jdks\openjdk-24\bin\nio.dll
0x00007ffa3dec0000 - 0x00007ffa3dec9000 	C:\Users\Stopa\.jdks\openjdk-24\bin\extnet.dll
0x00007ffa49ed0000 - 0x00007ffa49f9a000 	C:\Windows\SYSTEM32\DNSAPI.dll
0x00007ffa49e90000 - 0x00007ffa49ecb000 	C:\Windows\SYSTEM32\IPHLPAPI.DLL
0x00007ffa4bae0000 - 0x00007ffa4bae8000 	C:\Windows\System32\NSI.dll
0x00007ffa37730000 - 0x00007ffa3773a000 	C:\Windows\System32\rasadhlp.dll
0x00007ffa3e280000 - 0x00007ffa3e300000 	C:\Windows\System32\fwpuclnt.dll
0x00007ffa3d8e0000 - 0x00007ffa3d8ea000 	C:\Users\Stopa\.jdks\openjdk-24\bin\management.dll
0x00007ffa3d630000 - 0x00007ffa3d63b000 	C:\Users\Stopa\.jdks\openjdk-24\bin\management_ext.dll
0x00007ffa4b7b0000 - 0x00007ffa4b7b8000 	C:\Windows\System32\PSAPI.DLL
0x00007ffa4a450000 - 0x00007ffa4a468000 	C:\Windows\SYSTEM32\CRYPTSP.dll
0x00007ffa49ad0000 - 0x00007ffa49b08000 	C:\Windows\system32\rsaenh.dll
0x00007ffa4aa20000 - 0x00007ffa4aa4e000 	C:\Windows\SYSTEM32\USERENV.dll
0x00007ffa4a380000 - 0x00007ffa4a38c000 	C:\Windows\SYSTEM32\CRYPTBASE.dll
0x00007ffa3d6f0000 - 0x00007ffa3d707000 	C:\Windows\system32\napinsp.dll
0x00007ffa3d6d0000 - 0x00007ffa3d6eb000 	C:\Windows\system32\pnrpnsp.dll
0x00007ffa1cf30000 - 0x00007ffa1cf4d000 	C:\Windows\system32\wshbth.dll
0x00007ffa45c80000 - 0x00007ffa45c9d000 	C:\Windows\system32\NLAapi.dll
0x00007ffa3d6b0000 - 0x00007ffa3d6c2000 	C:\Windows\System32\winrnr.dll
0x00007ffa441e0000 - 0x00007ffa441ee000 	C:\Users\Stopa\.jdks\openjdk-24\bin\sunmscapi.dll
0x00007ffa4af30000 - 0x00007ffa4b08d000 	C:\Windows\System32\CRYPT32.dll
0x00007ffa4a5d0000 - 0x00007ffa4a5f7000 	C:\Windows\SYSTEM32\ncrypt.dll
0x00007ffa4a590000 - 0x00007ffa4a5cb000 	C:\Windows\SYSTEM32\NTASN1.dll
0x00007ffa3cbd0000 - 0x00007ffa3cbe0000 	C:\Users\Stopa\.jdks\openjdk-24\bin\verify.dll
0x00007ffa3de30000 - 0x00007ffa3de37000 	C:\Windows\system32\wshunix.dll
0x00007ff9e8b30000 - 0x00007ff9e8d3e000 	C:\Users\Stopa\AppData\Local\Temp\idea_libasyncProfiler_dll_temp_folder\libasyncProfiler.dll

dbghelp: loaded successfully - version: 4.0.5 - missing functions: none
symbol engine: initialized successfully - sym options: 0x614 - pdb path: .;C:\Users\Stopa\.jdks\openjdk-24\bin;C:\Windows\SYSTEM32;C:\Windows\WinSxS\amd64_microsoft.windows.common-controls_6595b64144ccf1df_6.0.19041.5794_none_60bcd33171f2783c;C:\Users\Stopa\.jdks\openjdk-24\bin\server;C:\Users\Stopa\AppData\Local\Temp\idea_libasyncProfiler_dll_temp_folder

VM Arguments:
jvm_args: -XX:TieredStopAtLevel=1 -Dspring.output.ansi.enabled=always -Dcom.sun.management.jmxremote -Dspring.jmx.enabled=true -Dspring.liveBeansView.mbeanDomain -Dspring.application.admin.enabled=true -Dmanagement.endpoints.jmx.exposure.include=* -javaagent:C:\Program Files\JetBrains\IntelliJ IDEA 2024.3.5\lib\idea_rt.jar=53539 -Dfile.encoding=UTF-8 -Dsun.stdout.encoding=UTF-8 -Dsun.stderr.encoding=UTF-8 
java_command: com.example.lawtest.LawTestApplication
java_class_path (initial): C:\Education\Stopa. Політехніка\Бакалаврська робота\lawTest\target\classes;C:\Users\Stopa\.m2\repository\org\springframework\boot\spring-boot-starter-data-rest\3.4.5\spring-boot-starter-data-rest-3.4.5.jar;C:\Users\Stopa\.m2\repository\org\springframework\data\spring-data-rest-webmvc\4.4.5\spring-data-rest-webmvc-4.4.5.jar;C:\Users\Stopa\.m2\repository\org\springframework\data\spring-data-rest-core\4.4.5\spring-data-rest-core-4.4.5.jar;C:\Users\Stopa\.m2\repository\org\springframework\hateoas\spring-hateoas\2.4.1\spring-hateoas-2.4.1.jar;C:\Users\Stopa\.m2\repository\org\springframework\plugin\spring-plugin-core\3.0.0\spring-plugin-core-3.0.0.jar;C:\Users\Stopa\.m2\repository\org\atteo\evo-inflector\1.3\evo-inflector-1.3.jar;C:\Users\Stopa\.m2\repository\com\fasterxml\jackson\core\jackson-databind\2.18.3\jackson-databind-2.18.3.jar;C:\Users\Stopa\.m2\repository\com\fasterxml\jackson\core\jackson-core\2.18.3\jackson-core-2.18.3.jar;C:\Users\Stopa\.m2\repository\com\fasterxml\jackson\core\jackson-annotations\2.18.3\jackson-annotations-2.18.3.jar;C:\Users\Stopa\.m2\repository\org\springframework\boot\spring-boot-starter-graphql\3.4.5\spring-boot-starter-graphql-3.4.5.jar;C:\Users\Stopa\.m2\repository\org\springframework\boot\spring-boot-starter\3.4.5\spring-boot-starter-3.4.5.jar;C:\Users\Stopa\.m2\repository\org\springframework\boot\spring-boot-starter-logging\3.4.5\spring-boot-starter-logging-3.4.5.jar;C:\Users\Stopa\.m2\repository\ch\qos\logback\logback-classic\1.5.18\logback-classic-1.5.18.jar;C:\Users\Stopa\.m2\repository\ch\qos\logback\logback-core\1.5.18\logback-core-1.5.18.jar;C:\Users\Stopa\.m2\repository\org\apache\logging\log4j\log4j-to-slf4j\2.24.3\log4j-to-slf4j-2.24.3.jar;C:\Users\Stopa\.m2\repository\org\apache\logging\log4j\log4j-api\2.24.3\log4j-api-2.24.3.jar;C:\Users\Stopa\.m2\repository\org\slf4j\jul-to-slf4j\2.0.17\jul-to-slf4j-2.0.17.jar;C:\Users\Stopa\.m2\repository\jakarta\annotation\jakarta.annotation-api\2.1.1\jakarta.annotation-api-2.1.1.jar;C:\Users\Stopa\.m2\repository\org\yaml\snakeyaml\2.3\snakeyaml-2.3.jar;C:\Users\Stopa\.m2\repository\org\springframework\boot\spring-boot-starter-json\3.4.5\spring-boot-starter-json-3.4.5.jar;C:\Users\Stopa\.m2\repository\com\fasterxml\jackson\datatype\jackson-datatype-jdk8\2.18.3\jackson-datatype-jdk8-2.18.3.jar;C:\Users\Stopa\.m2\repository\com\fasterxml\jackson\datatype\jackson-datatype-jsr310\2.18.3\jackson-datatype-jsr310-2.18.3.jar;C:\Users\Stopa\.m2\repository\com\fasterxml\jackson\module\jackson-module-parameter-names\2.18.3\jackson-module-parameter-names-2.18.3.jar;C:\Users\Stopa\.m2\repository\org\springframework\graphql\spring-graphql\1.3.5\spring-graphql-1.3.5.jar;C:\Users\Stopa\.m2\repository\io\micrometer\context-propagation\1.1.3\context-propagation-1.1.3.jar;C:\Users\Stopa\.m2\repository\org\springframework\boot\spring-boot-starter-security\3.4.5\spring-boot-starter-security-3.4.5.jar;C:\Users\Stopa\.m2\repository\org\springframework\spring-aop\6.2.6\spring-aop-6.2.6.jar;C:\Users\Stopa\.m2\repository\org\springframework\spring-beans\6.2.6\spring-beans-6.2.6.jar;C:\Users\Stopa\.m2\repository\org\springframework\security\spring-security-config\6.4.5\spring-security-config-6.4.5.jar;C:\Users\Stopa\.m2\repository\org\springframework\security\spring-security-web\6.4.5\spring-security-web-6.4.5.jar;C:\Users\Stopa\.m2\repository\org\springframework\spring-expression\6.2.6\spring-expression-6.2.6.jar;C:\Users\Stopa\.m2\repository\org\springframework\boot\spring-boot-starter-thymeleaf\3.4.5\spring-boot-starter-thymeleaf-3.4.5.jar;C:\Users\Stopa\.m2\repository\org\thymeleaf\thymeleaf-spring6\3.1.3.RELEASE\thymeleaf-spring6-3.1.3.RELEASE.jar;C:\Users\Stopa\.m2\repository\org\thymeleaf\thymeleaf\3.1.3.RELEASE\thymeleaf-3.1.3.RELEASE.jar;C:\Users\Stopa\.m2\repository\org\attoparser\attoparser\2.0.7.RELEASE\attoparser-2.0.7.RELEASE.jar;C:\Users\Stopa\.m2\repository\org\unbescape\unbescape\1.1.6.RELEASE\unbescape-1.1.6.RELEASE.jar;C:\Users\Stopa\.m2\repository\org\springframework\boot\spring-boot-starter-web\3.4.5\spring-boot-starter-web-3.4.5.jar;C:\Users\Stopa\.m2\repository\org\springframework\boot\spring-boot-starter-tomcat\3.4.5\spring-boot-starter-tomcat-3.4.5.jar;C:\Users\Stopa\.m2\repository\org\apache\tomcat\embed\tomcat-embed-core\10.1.40\tomcat-embed-core-10.1.40.jar;C:\Users\Stopa\.m2\repository\org\apache\tomcat\embed\tomcat-embed-el\10.1.40\tomcat-embed-el-10.1.40.jar;C:\Users\Stopa\.m2\repository\org\apache\tomcat\embed\tomcat-embed-websocket\10.1.40\tomcat-embed-websocket-10.1.40.jar;C:\Users\Stopa\.m2\repository\org\springframework\spring-web\6.2.6\spring-web-6.2.6.jar;C:\Users\Stopa\.m2\repository\io\micrometer\micrometer-observation\1.14.6\micrometer-observation-1.14.6.jar;C:\Users\Stopa\.m2\repository\io\micrometer\micrometer-commons\1.14.6\micrometer-commons-1.14.6.jar;C:\Users\Stopa\.m2\repository\org\springframework\spring-webmvc\6.2.6\spring-webmvc-6.2.6.jar;C:\Users\Stopa\.m2\repository\org\springframework\boot\spring-boot-starter-web-services\3.4.5\spring-boot-starter-web-services-3.4.5.jar;C:\Users\Stopa\.m2\repository\com\sun\xml\messaging\saaj\saaj-impl\3.0.4\saaj-impl-3.0.4.jar;C:\Users\Stopa\.m2\repository\jakarta\xml\soap\jakarta.xml.soap-api\3.0.2\jakarta.xml.soap-api-3.0.2.jar;C:\Users\Stopa\.m2\repository\org\jvnet\staxex\stax-ex\2.1.0\stax-ex-2.1.0.jar;C:\Users\Stopa\.m2\repository\jakarta\activation\jakarta.activation-api\2.1.3\jakarta.activation-api-2.1.3.jar;C:\Users\Stopa\.m2\repository\org\eclipse\angus\angus-activation\2.0.2\angus-activation-2.0.2.jar;C:\Users\Stopa\.m2\repository\jakarta\xml\ws\jakarta.xml.ws-api\4.0.2\jakarta.xml.ws-api-4.0.2.jar;C:\Users\Stopa\.m2\repository\org\springframework\spring-oxm\6.2.6\spring-oxm-6.2.6.jar;C:\Users\Stopa\.m2\repository\org\springframework\ws\spring-ws-core\4.0.13\spring-ws-core-4.0.13.jar;C:\Users\Stopa\.m2\repository\org\springframework\ws\spring-xml\4.0.13\spring-xml-4.0.13.jar;C:\Users\Stopa\.m2\repository\org\glassfish\jaxb\jaxb-runtime\4.0.5\jaxb-runtime-4.0.5.jar;C:\Users\Stopa\.m2\repository\org\glassfish\jaxb\jaxb-core\4.0.5\jaxb-core-4.0.5.jar;C:\Users\Stopa\.m2\repository\org\glassfish\jaxb\txw2\4.0.5\txw2-4.0.5.jar;C:\Users\Stopa\.m2\repository\com\sun\istack\istack-commons-runtime\4.1.2\istack-commons-runtime-4.1.2.jar;C:\Users\Stopa\.m2\repository\org\springframework\boot\spring-boot-starter-webflux\3.4.5\spring-boot-starter-webflux-3.4.5.jar;C:\Users\Stopa\.m2\repository\org\springframework\boot\spring-boot-starter-reactor-netty\3.4.5\spring-boot-starter-reactor-netty-3.4.5.jar;C:\Users\Stopa\.m2\repository\io\projectreactor\netty\reactor-netty-http\1.2.5\reactor-netty-http-1.2.5.jar;C:\Users\Stopa\.m2\repository\io\netty\netty-codec-http\4.1.119.Final\netty-codec-http-4.1.119.Final.jar;C:\Users\Stopa\.m2\repository\io\netty\netty-common\4.1.119.Final\netty-common-4.1.119.Final.jar;C:\Users\Stopa\.m2\repository\io\netty\netty-buffer\4.1.119.Final\netty-buffer-4.1.119.Final.jar;C:\Users\Stopa\.m2\repository\io\netty\netty-transport\4.1.119.Final\netty-transport-4.1.119.Final.jar;C:\Users\Stopa\.m2\repository\io\netty\netty-codec\4.1.119.Final\netty-codec-4.1.119.Final.jar;C:\Users\Stopa\.m2\repository\io\netty\netty-handler\4.1.119.Final\netty-handler-4.1.119.Final.jar;C:\Users\Stopa\.m2\repository\io\netty\netty-codec-http2\4.1.119.Final\netty-codec-http2-4.1.119.Final.jar;C:\Users\Stopa\.m2\repository\io\netty\netty-resolver-dns\4.1.119.Final\netty-resolver-dns-4.1.119.Final.jar;C:\Users\Stopa\.m2\repository\io\netty\netty-resolver\4.1.119.Final\netty-resolver-4.1.119.Final.jar;C:\Users\Stopa\.m2\repository\io\netty\netty-codec-dns\4.1.119.Final\netty-codec-dns-4.1.119.Final.jar;C:\Users\Stopa\.m2\repository\io\netty\netty-resolver-dns-native-macos\4.1.119.Final\netty-resolver-dns-native-macos-4.1.119.Final-osx-x86_64.jar;C:\Users\Stopa\.m2\repository\io\netty\netty-resolver-dns-classes-macos\4.1.119.Final\netty-resolver-dns-classes-macos-4.1.119.Final.jar;C:\Users\Stopa\.m2\repository\io\netty\netty-transport-native-epoll\4.1.119.Final\netty-transport-native-epoll-4.1.119.Final-linux-x86_64.jar;C:\Users\Stopa\.m2\repository\io\netty\netty-transport-native-unix-common\4.1.119.Final\netty-transport-native-unix-common-4.1.119.Final.jar;C:\Users\Stopa\.m2\repository\io\netty\netty-transport-classes-epoll\4.1.119.Final\netty-transport-classes-epoll-4.1.119.Final.jar;C:\Users\Stopa\.m2\repository\io\projectreactor\netty\reactor-netty-core\1.2.5\reactor-netty-core-1.2.5.jar;C:\Users\Stopa\.m2\repository\io\netty\netty-handler-proxy\4.1.119.Final\netty-handler-proxy-4.1.119.Final.jar;C:\Users\Stopa\.m2\repository\io\netty\netty-codec-socks\4.1.119.Final\netty-codec-socks-4.1.119.Final.jar;C:\Users\Stopa\.m2\repository\org\springframework\spring-webflux\6.2.6\spring-webflux-6.2.6.jar;C:\Users\Stopa\.m2\repository\org\springframework\session\spring-session-core\3.4.3\spring-session-core-3.4.3.jar;C:\Users\Stopa\.m2\repository\org\springframework\spring-jcl\6.2.6\spring-jcl-6.2.6.jar;C:\Users\Stopa\.m2\repository\org\thymeleaf\extras\thymeleaf-extras-springsecurity6\3.1.3.RELEASE\thymeleaf-extras-springsecurity6-3.1.3.RELEASE.jar;C:\Users\Stopa\.m2\repository\org\slf4j\slf4j-api\2.0.17\slf4j-api-2.0.17.jar;C:\Users\Stopa\.m2\repository\org\springframework\boot\spring-boot-devtools\3.4.5\spring-boot-devtools-3.4.5.jar;C:\Users\Stopa\.m2\repository\org\springframework\boot\spring-boot\3.4.5\spring-boot-3.4.5.jar;C:\Users\Stopa\.m2\repository\org\springframework\boot\spring-boot-autoconfigure\3.4.5\spring-boot-autoconfigure-3.4.5.jar;C:\Users\Stopa\.m2\repository\com\mysql\mysql-connector-j\8.3.0\mysql-connector-j-8.3.0.jar;C:\Users\Stopa\.m2\repository\org\springframework\boot\spring-boot-configuration-processor\3.4.5\spring-boot-configuration-processor-3.4.5.jar;C:\Users\Stopa\.m2\repository\com\jayway\jsonpath\json-path\2.9.0\json-path-2.9.0.jar;C:\Users\Stopa\.m2\repository\jakarta\xml\bind\jakarta.xml.bind-api\4.0.2\jakarta.xml.bind-api-4.0.2.jar;C:\Users\Stopa\.m2\repository\net\minidev\json-smart\2.5.2\json-smart-2.5.2.jar;C:\Users\Stopa\.m2\repository\net\minidev\accessors-smart\2.5.2\accessors-smart-2.5.2.jar;C:\Users\Stopa\.m2\repository\org\ow2\asm\asm\9.7.1\asm-9.7.1.jar;C:\Users\Stopa\.m2\repository\net\bytebuddy\byte-buddy\1.15.11\byte-buddy-1.15.11.jar;C:\Users\Stopa\.m2\repository\org\springframework\spring-core\6.2.6\spring-core-6.2.6.jar;C:\Users\Stopa\.m2\repository\io\projectreactor\reactor-core\3.7.5\reactor-core-3.7.5.jar;C:\Users\Stopa\.m2\repository\org\reactivestreams\reactive-streams\1.0.4\reactive-streams-1.0.4.jar;C:\Users\Stopa\.m2\repository\com\graphql-java\graphql-java\22.3\graphql-java-22.3.jar;C:\Users\Stopa\.m2\repository\com\graphql-java\java-dataloader\3.3.0\java-dataloader-3.3.0.jar;C:\Users\Stopa\.m2\repository\org\springframework\spring-context\6.2.6\spring-context-6.2.6.jar;C:\Users\Stopa\.m2\repository\org\springframework\security\spring-security-core\6.4.5\spring-security-core-6.4.5.jar;C:\Users\Stopa\.m2\repository\org\springframework\security\spring-security-crypto\6.4.5\spring-security-crypto-6.4.5.jar;C:\Users\Stopa\.m2\repository\org\springframework\boot\spring-boot-starter-mail\3.4.5\spring-boot-starter-mail-3.4.5.jar;C:\Users\Stopa\.m2\repository\org\springframework\spring-context-support\6.2.6\spring-context-support-6.2.6.jar;C:\Users\Stopa\.m2\repository\org\eclipse\angus\jakarta.mail\2.0.3\jakarta.mail-2.0.3.jar;C:\Users\Stopa\.m2\repository\org\springframework\boot\spring-boot-starter-data-jpa\3.4.5\spring-boot-starter-data-jpa-3.4.5.jar;C:\Users\Stopa\.m2\repository\org\springframework\boot\spring-boot-starter-jdbc\3.4.5\spring-boot-starter-jdbc-3.4.5.jar;C:\Users\Stopa\.m2\repository\com\zaxxer\HikariCP\5.1.0\HikariCP-5.1.0.jar;C:\Users\Stopa\.m2\repository\org\springframework\spring-jdbc\6.2.6\spring-jdbc-6.2.6.jar;C:\Users\Stopa\.m2\repository\org\hibernate\orm\hibernate-core\6.6.13.Final\hibernate-core-6.6.13.Final.jar;C:\Users\Stopa\.m2\repository\jakarta\persistence\jakarta.persistence-api\3.1.0\jakarta.persistence-api-3.1.0.jar;C:\Users\Stopa\.m2\repository\jakarta\transaction\jakarta.transaction-api\2.0.1\jakarta.transaction-api-2.0.1.jar;C:\Users\Stopa\.m2\repository\org\jboss\logging\jboss-logging\3.6.1.Final\jboss-logging-3.6.1.Final.jar;C:\Users\Stopa\.m2\repository\org\hibernate\common\hibernate-commons-annotations\7.0.3.Final\hibernate-commons-annotations-7.0.3.Final.jar;C:\Users\Stopa\.m2\repository\io\smallrye\jandex\3.2.0\jandex-3.2.0.jar;C:\Users\Stopa\.m2\repository\com\fasterxml\classmate\1.7.0\classmate-1.7.0.jar;C:\Users\Stopa\.m2\repository\jakarta\inject\jakarta.inject-api\2.0.1\jakarta.inject-api-2.0.1.jar;C:\Users\Stopa\.m2\repository\org\antlr\antlr4-runtime\4.13.0\antlr4-runtime-4.13.0.jar;C:\Users\Stopa\.m2\repository\org\springframework\data\spring-data-jpa\3.4.5\spring-data-jpa-3.4.5.jar;C:\Users\Stopa\.m2\repository\org\springframework\data\spring-data-commons\3.4.5\spring-data-commons-3.4.5.jar;C:\Users\Stopa\.m2\repository\org\springframework\spring-orm\6.2.6\spring-orm-6.2.6.jar;C:\Users\Stopa\.m2\repository\org\springframework\spring-tx\6.2.6\spring-tx-6.2.6.jar;C:\Users\Stopa\.m2\repository\org\springframework\spring-aspects\6.2.6\spring-aspects-6.2.6.jar;C:\Users\Stopa\.m2\repository\org\aspectj\aspectjweaver\1.9.24\aspectjweaver-1.9.24.jar;C:\Users\Stopa\.m2\repository\com\h2database\h2\2.3.232\h2-2.3.232.jar;C:\Users\Stopa\.m2\repository\org\projectlombok\lombok\1.18.38\lombok-1.18.38.jar
Launcher Type: SUN_STANDARD

[Global flags]
     intx CICompilerCount                          = 3                                         {product} {ergonomic}
     uint ConcGCThreads                            = 1                                         {product} {ergonomic}
     bool FlightRecorder                           = true                                      {product} {management}
     uint G1ConcRefinementThreads                  = 4                                         {product} {ergonomic}
   size_t G1HeapRegionSize                         = 1048576                                   {product} {ergonomic}
   size_t InitialHeapSize                          = 134217728                                 {product} {ergonomic}
     bool ManagementServer                         = true                                      {product} {command line}
   size_t MarkStackSize                            = 4194304                                   {product} {ergonomic}
   size_t MarkStackSizeMax                         = 536870912                                 {product} {ergonomic}
   size_t MaxHeapSize                              = 2116026368                                {product} {ergonomic}
   size_t MaxNewSize                               = 1268776960                                {product} {ergonomic}
   size_t MinHeapDeltaBytes                        = 1048576                                   {product} {ergonomic}
   size_t MinHeapSize                              = 8388608                                   {product} {ergonomic}
    uintx NonNMethodCodeHeapSize                   = 4096                                   {pd product} {ergonomic}
    uintx NonProfiledCodeHeapSize                  = 0                                      {pd product} {ergonomic}
     bool ProfileInterpreter                       = false                                  {pd product} {command line}
    uintx ProfiledCodeHeapSize                     = 0                                      {pd product} {ergonomic}
   size_t SoftMaxHeapSize                          = 2116026368                             {manageable} {ergonomic}
     intx TieredStopAtLevel                        = 1                                         {product} {command line}
     bool UseCompressedOops                        = true                           {product lp64_product} {ergonomic}
     bool UseG1GC                                  = true                                      {product} {ergonomic}
     bool UseLargePagesIndividualAllocation        = false                                  {pd product} {ergonomic}

Logging:
Log output configuration:
 #0: stdout all=warning uptime,level,tags foldmultilines=false
 #1: stderr all=off uptime,level,tags foldmultilines=false

Environment Variables:
PATH=C:\Users\Stopa\AppData\Local\Programs\Python\Python313\Scripts\;C:\Users\Stopa\AppData\Local\Programs\Python\Python313\;C:\Windows\system32;C:\Windows;C:\Windows\System32\Wbem;C:\Windows\System32\WindowsPowerShell\v1.0\;C:\Windows\System32\OpenSSH\;C:\Program Files (x86)\Intel\Intel(R) Management Engine Components\DAL;C:\Program Files\Intel\Intel(R) Management Engine Components\DAL;C:\Program Files\Git\cmd;C:\Program Files\Docker\Docker\resources\bin;C:\Work\Fullstack\03.TestUkrCloudDocker\composer.phar;C:\ProgramData\ComposerSetup\bin;C:\OSPanel\modules\php\PHP_7.4;C:\Program Files (x86)\Gpg4win\..\GnuPG\bin;C:\OSPanel\modules\database\MySQL-5.7-Win10\bin;C:\Program Files\nodejs\;C:\ProgramData\chocolatey\bin;C:\Program Files\dotnet\;C:\Program Files\MySQL\MySQL Shell 8.0\bin\;C:\Users\Stopa\AppData\Local\Programs\Python\Python312\Scripts\;C:\Users\Stopa\AppData\Local\Programs\Python\Python312\;C:\Users\Stopa\AppData\Local\Programs\Python\Python313\Scripts\;C:\Users\Stopa\AppData\Local\Programs\Python\Python313\;C:\Users\Stopa\AppData\Local\Programs\Python\Launcher\;C:\Users\Stopa\AppData\Local\Microsoft\WindowsApps;C:\Program Files\JetBrains\PhpStorm 2024.2.1\bin;;C:\Program Files\JetBrains\PyCharm 2024.3.5\bin;;C:\Work\Fullstack\03.TestUkrCloudDocker\composer.phar;C:\Users\Stopa\AppData\Roaming\Composer\vendor\bin;C:\Users\Stopa\AppData\Roaming\npm;C:\Program Files\JetBrains\IntelliJ IDEA 2024.3.5\bin;
USERNAME=Stopa
OS=Windows_NT
PROCESSOR_IDENTIFIER=Intel64 Family 6 Model 78 Stepping 3, GenuineIntel
TMP=C:\Users\Stopa\AppData\Local\Temp
TEMP=C:\Users\Stopa\AppData\Local\Temp




Periodic native trim disabled

---------------  S Y S T E M  ---------------

OS:
 Windows 10 , 64 bit Build 19041 (10.0.19041.5794)
OS uptime: 6 days 15:19 hours
Hyper-V role detected

CPU: total 4 (initial active 4) (2 cores per cpu, 2 threads per core) family 6 model 78 stepping 3 microcode 0xf0, cx8, cmov, fxsr, ht, mmx, 3dnowpref, sse, sse2, sse3, ssse3, sse4.1, sse4.2, popcnt, lzcnt, tsc, tscinvbit, avx, avx2, aes, erms, clmul, bmi1, bmi2, adx, fma, vzeroupper, clflush, clflushopt, hv, rdtscp, f16c
Processor Information for the first 4 processors :
  Max Mhz: 2400, Current Mhz: 2300, Mhz Limit: 2280

Memory: 4k page, system-wide physical 8071M (296M free)
TotalPageFile size 17799M (AvailPageFile size 6286M)
current process WorkingSet (physical memory assigned to process): 250M, peak: 250M
current process commit charge ("private bytes"): 308M, peak: 308M

vm_info: OpenJDK 64-Bit Server VM (24+36-3646) for windows-amd64 JRE (24+36-3646), built on 2025-02-06T00:20:43Z with MS VC++ 17.6 (VS2022)

END.
